2023.08.28 09:09:24 INFO  Started: Metals version 1.0.0 in folders '/home/fundalap-nh57/prograVI/design-patterns' for client Visual Studio Code 1.75.0.
Aug 28, 2023 9:09:24 AM org.flywaydb.core.internal.license.VersionPrinter printVersionOnly
INFO: Flyway Community Edition 9.20.1 by Redgate
Aug 28, 2023 9:09:25 AM org.flywaydb.core.internal.license.VersionPrinter printVersion
INFO: See release notes here: https://rd.gt/416ObMi
Aug 28, 2023 9:09:25 AM org.flywaydb.core.internal.license.VersionPrinter printVersion
INFO: 
Aug 28, 2023 9:09:25 AM org.flywaydb.core.internal.database.base.BaseDatabaseType createDatabase
INFO: Database: jdbc:h2:file:/home/fundalap-nh57/prograVI/design-patterns/.metals/metals (H2 2.1)
Aug 28, 2023 9:09:25 AM org.flywaydb.core.internal.schemahistory.JdbcTableSchemaHistory allAppliedMigrations
INFO: Schema history table "PUBLIC"."flyway_schema_history" does not exist yet
Aug 28, 2023 9:09:25 AM org.flywaydb.core.internal.command.DbValidate validate
INFO: Successfully validated 4 migrations (execution time 00:00.025s)
Aug 28, 2023 9:09:25 AM org.flywaydb.core.internal.schemahistory.JdbcTableSchemaHistory create
INFO: Creating Schema History table "PUBLIC"."flyway_schema_history" ...
Aug 28, 2023 9:09:25 AM org.flywaydb.core.internal.command.DbMigrate migrateGroup
INFO: Current version of schema "PUBLIC": << Empty Schema >>
Aug 28, 2023 9:09:25 AM org.flywaydb.core.internal.command.DbMigrate doMigrateGroup
INFO: Migrating schema "PUBLIC" to version "1 - Create tables"
Aug 28, 2023 9:09:25 AM org.flywaydb.core.internal.command.DbMigrate doMigrateGroup
INFO: Migrating schema "PUBLIC" to version "2 - Server discovery"
Aug 28, 2023 9:09:26 AM org.flywaydb.core.internal.command.DbMigrate doMigrateGroup
INFO: Migrating schema "PUBLIC" to version "3 - Jar symbols"
Aug 28, 2023 9:09:26 AM org.flywaydb.core.internal.command.DbMigrate doMigrateGroup
INFO: Migrating schema "PUBLIC" to version "4 - Fingerprints"
Aug 28, 2023 9:09:26 AM org.flywaydb.core.internal.command.DbMigrate logSummary
INFO: Successfully applied 4 migrations to schema "PUBLIC", now at version v4 (execution time 00:00.113s)
2023.08.28 09:09:26 INFO  time: initialize in 1.51s
2023.08.28 09:09:29 WARN  Build server is not auto-connectable.
2023.08.28 09:09:29 WARN  no build tool detected in workspace '/home/fundalap-nh57/prograVI/design-patterns'. The most common cause for this problem is that the editor was opened in the wrong working directory, for example if you use sbt then the workspace directory should contain build.sbt. 
Aug 28, 2023 9:09:29 AM org.eclipse.lsp4j.jsonrpc.RemoteEndpoint handleCancellation
WARNING: Unmatched cancel notification for request id 2
2023.08.28 09:09:29 WARN  no build target for: /home/fundalap-nh57/prograVI/design-patterns/java-example/design-patterns/singleton/SingletonExample.java
Aug 28, 2023 9:09:29 AM org.eclipse.lsp4j.jsonrpc.RemoteEndpoint handleCancellation
WARNING: Unmatched cancel notification for request id 5
2023.08.28 09:09:30 INFO  time: code lens generation in 1.67s
2023.08.28 09:10:27 INFO  no build target found for /home/fundalap-nh57/prograVI/design-patterns/java-example/design-patterns/singleton/SingletonExample.java. Using presentation compiler with project's scala-library version: 3.3.0
Aug 28, 2023 9:10:28 AM scala.meta.internal.pc.CompilerAccess handleError
SEVERE: A severe compiler error occurred, full details of the error can be found in the error report /home/fundalap-nh57/prograVI/design-patterns/.metals/.reports/metals-full/r_compiler-error_1693228228696
Aug 28, 2023 9:14:36 AM scala.meta.internal.pc.CompilerAccess handleError
SEVERE: A severe compiler error occurred, full details of the error can be found in the error report /home/fundalap-nh57/prograVI/design-patterns/.metals/.reports/metals-full/r_compiler-error_1693228476779
Aug 28, 2023 9:15:47 AM scala.meta.internal.pc.CompilerAccess handleError
SEVERE: A severe compiler error occurred, full details of the error can be found in the error report /home/fundalap-nh57/prograVI/design-patterns/.metals/.reports/metals-full/r_compiler-error_1693228547446
Aug 28, 2023 9:15:48 AM scala.meta.internal.pc.CompilerAccess handleError
SEVERE: A severe compiler error occurred, full details of the error can be found in the error report /home/fundalap-nh57/prograVI/design-patterns/.metals/.reports/metals-full/r_compiler-error_1693228548106
Aug 28, 2023 9:15:59 AM scala.meta.internal.pc.CompilerAccess handleError
SEVERE: A severe compiler error occurred, full details of the error can be found in the error report /home/fundalap-nh57/prograVI/design-patterns/.metals/.reports/metals-full/r_compiler-error_1693228559032
2023.08.28 09:15:59 WARN  no build target for: /home/fundalap-nh57/prograVI/design-patterns/java-example/design-patterns/singleton/SingletonExample.java
2023.08.28 09:16:07 WARN  no build target for: /home/fundalap-nh57/prograVI/design-patterns/java-example/design-patterns/singleton/SingletonExample.java
Aug 28, 2023 9:18:37 AM scala.meta.internal.pc.CompilerAccess handleError
SEVERE: A severe compiler error occurred, full details of the error can be found in the error report /home/fundalap-nh57/prograVI/design-patterns/.metals/.reports/metals-full/r_compiler-error_1693228717117
Aug 28, 2023 9:24:47 AM scala.meta.internal.pc.CompilerAccess handleError
SEVERE: A severe compiler error occurred, full details of the error can be found in the error report /home/fundalap-nh57/prograVI/design-patterns/.metals/.reports/metals-full/r_compiler-error_1693229087173
Aug 28, 2023 9:31:00 AM scala.meta.internal.pc.CompilerAccess handleError
SEVERE: A severe compiler error occurred, full details of the error can be found in the error report /home/fundalap-nh57/prograVI/design-patterns/.metals/.reports/metals-full/r_compiler-error_1693229460982
Aug 28, 2023 9:31:01 AM scala.meta.internal.pc.CompilerAccess handleError
SEVERE: A severe compiler error occurred, full details of the error can be found in the error report /home/fundalap-nh57/prograVI/design-patterns/.metals/.reports/metals-full/r_compiler-error_1693229461745
Aug 28, 2023 9:31:44 AM scala.meta.internal.pc.CompilerAccess handleError
SEVERE: A severe compiler error occurred, full details of the error can be found in the error report /home/fundalap-nh57/prograVI/design-patterns/.metals/.reports/metals-full/r_compiler-error_1693229504913
Aug 28, 2023 9:31:54 AM scala.meta.internal.pc.CompilerAccess handleError
SEVERE: A severe compiler error occurred, full details of the error can be found in the error report /home/fundalap-nh57/prograVI/design-patterns/.metals/.reports/metals-full/r_compiler-error_1693229514281
Aug 28, 2023 9:36:46 AM scala.meta.internal.pc.CompilerAccess handleError
SEVERE: A severe compiler error occurred, full details of the error can be found in the error report /home/fundalap-nh57/prograVI/design-patterns/.metals/.reports/metals-full/r_compiler-error_1693229806212
Aug 28, 2023 9:36:46 AM scala.meta.internal.pc.CompilerAccess handleError
SEVERE: A severe compiler error occurred, full details of the error can be found in the error report /home/fundalap-nh57/prograVI/design-patterns/.metals/.reports/metals-full/r_compiler-error_1693229806814
Aug 28, 2023 9:36:56 AM scala.meta.internal.pc.CompilerAccess handleError
SEVERE: A severe compiler error occurred, full details of the error can be found in the error report /home/fundalap-nh57/prograVI/design-patterns/.metals/.reports/metals-full/r_compiler-error_1693229816973
/home/fundalap-nh57/prograVI/design-patterns/java-example/design-patterns/singleton/SingletonExample.java:11: error: cannot find symbol
        if (instance == null) {s
                               ^
  symbol:   class s
  location: class SingletonExample
2023.08.28 09:36:59 WARN  no build target for: /home/fundalap-nh57/prograVI/design-patterns/java-example/design-patterns/singleton/SingletonExample.java
2023.08.28 09:37:00 WARN  no build target for: /home/fundalap-nh57/prograVI/design-patterns/java-example/design-patterns/singleton/Main.java
/home/fundalap-nh57/prograVI/design-patterns/java-example/design-patterns/singleton/Main.java:5: error: cannot find symbol
        SingletonExample singletonExample = SingletonExample.getInstance();
        ^
  symbol:   class SingletonExample
  location: class Main
/home/fundalap-nh57/prograVI/design-patterns/java-example/design-patterns/singleton/Main.java:5: error: cannot find symbol
        SingletonExample singletonExample = SingletonExample.getInstance();
                                            ^
  symbol:   variable SingletonExample
  location: class Main
/home/fundalap-nh57/prograVI/design-patterns/java-example/design-patterns/singleton/Main.java:8: error: cannot find symbol
        SingletonExample singletonSecondExample = SingletonExample.getInstance();
        ^
  symbol:   class SingletonExample
  location: class Main
/home/fundalap-nh57/prograVI/design-patterns/java-example/design-patterns/singleton/Main.java:8: error: cannot find symbol
        SingletonExample singletonSecondExample = SingletonExample.getInstance();
                                                  ^
  symbol:   variable SingletonExample
  location: class Main
/home/fundalap-nh57/prograVI/design-patterns/java-example/design-patterns/singleton/Main.java:6: error: cannot find symbol
        SingletonExample singletonExample = SingletonExample.getInstance();
        ^
  symbol:   class SingletonExample
  location: class Main
/home/fundalap-nh57/prograVI/design-patterns/java-example/design-patterns/singleton/Main.java:6: error: cannot find symbol
        SingletonExample singletonExample = SingletonExample.getInstance();
                                            ^
  symbol:   variable SingletonExample
  location: class Main
/home/fundalap-nh57/prograVI/design-patterns/java-example/design-patterns/singleton/Main.java:9: error: cannot find symbol
        SingletonExample singletonSecondExample = SingletonExample.getInstance();
        ^
  symbol:   class SingletonExample
  location: class Main
/home/fundalap-nh57/prograVI/design-patterns/java-example/design-patterns/singleton/Main.java:9: error: cannot find symbol
        SingletonExample singletonSecondExample = SingletonExample.getInstance();
                                                  ^
  symbol:   variable SingletonExample
  location: class Main
Aug 28, 2023 9:37:04 AM scala.meta.internal.pc.CompilerAccess handleError
SEVERE: A severe compiler error occurred, full details of the error can be found in the error report /home/fundalap-nh57/prograVI/design-patterns/.metals/.reports/metals-full/r_compiler-error_1693229824262
/home/fundalap-nh57/prograVI/design-patterns/java-example/design-patterns/singleton/Main.java:6: error: ';' expected
        SingletonExample singletonExample = SingletonExample.getInstance();
                        ^
/home/fundalap-nh57/prograVI/design-patterns/java-example/design-patterns/singleton/Main.java:5: error: cannot find symbol
        f
        ^
  symbol:   class f
  location: class Main
/home/fundalap-nh57/prograVI/design-patterns/java-example/design-patterns/singleton/Main.java:6: error: cannot find symbol
        SingletonExample singletonExample = SingletonExample.getInstance();
                         ^
  symbol:   variable singletonExample
  location: class Main
/home/fundalap-nh57/prograVI/design-patterns/java-example/design-patterns/singleton/Main.java:7: error: cannot find symbol
        System.out.println(singletonExample);
                           ^
  symbol:   variable singletonExample
  location: class Main
/home/fundalap-nh57/prograVI/design-patterns/java-example/design-patterns/singleton/Main.java:9: error: cannot find symbol
        SingletonExample singletonSecondExample = SingletonExample.getInstance();
        ^
  symbol:   class SingletonExample
  location: class Main
/home/fundalap-nh57/prograVI/design-patterns/java-example/design-patterns/singleton/Main.java:5: error: '(' expected
        for
           ^
/home/fundalap-nh57/prograVI/design-patterns/java-example/design-patterns/singleton/Main.java:9: error: not a statement
        SingletonExample singletonSecondExample = SingletonExample.getInstance();
        ^
/home/fundalap-nh57/prograVI/design-patterns/java-example/design-patterns/singleton/Main.java:9: error: ')' expected
        SingletonExample singletonSecondExample = SingletonExample.getInstance();
                        ^
/home/fundalap-nh57/prograVI/design-patterns/java-example/design-patterns/singleton/Main.java:6: error: cannot find symbol
        SingletonExample singletonExample = SingletonExample.getInstance();
        ^
  symbol:   class SingletonExample
  location: class Main
/home/fundalap-nh57/prograVI/design-patterns/java-example/design-patterns/singleton/Main.java:6: error: cannot find symbol
        SingletonExample singletonExample = SingletonExample.getInstance();
                                            ^
  symbol:   variable SingletonExample
  location: class Main
/home/fundalap-nh57/prograVI/design-patterns/java-example/design-patterns/singleton/Main.java:9: error: cannot find symbol
        SingletonExample singletonSecondExample = SingletonExample.getInstance();
                         ^
  symbol:   variable singletonSecondExample
  location: class Main
/home/fundalap-nh57/prograVI/design-patterns/java-example/design-patterns/singleton/Main.java:9: error: cannot find symbol
        SingletonExample singletonSecondExample = SingletonExample.getInstance();
                                                  ^
  symbol:   variable SingletonExample
  location: class Main
/home/fundalap-nh57/prograVI/design-patterns/java-example/design-patterns/singleton/Main.java:10: error: cannot find symbol
        System.out.println(singletonSecondExample);
                           ^
  symbol:   variable singletonSecondExample
  location: class Main
/home/fundalap-nh57/prograVI/design-patterns/java-example/design-patterns/singleton/Main.java:6: error: ';' expected
        SingletonExample singletonExample = SingletonExample.getInstance();
                        ^
/home/fundalap-nh57/prograVI/design-patterns/java-example/design-patterns/singleton/Main.java:5: error: cannot find symbol
        fork
        ^
  symbol:   class fork
  location: class Main
/home/fundalap-nh57/prograVI/design-patterns/java-example/design-patterns/singleton/Main.java:6: error: cannot find symbol
        SingletonExample singletonExample = SingletonExample.getInstance();
                         ^
  symbol:   variable singletonExample
  location: class Main
/home/fundalap-nh57/prograVI/design-patterns/java-example/design-patterns/singleton/Main.java:7: error: cannot find symbol
        System.out.println(singletonExample);
                           ^
  symbol:   variable singletonExample
  location: class Main
/home/fundalap-nh57/prograVI/design-patterns/java-example/design-patterns/singleton/Main.java:9: error: cannot find symbol
        SingletonExample singletonSecondExample = SingletonExample.getInstance();
        ^
  symbol:   class SingletonExample
  location: class Main
Aug 28, 2023 9:37:13 AM scala.meta.internal.pc.CompilerAccess handleError
SEVERE: A severe compiler error occurred, full details of the error can be found in the error report /home/fundalap-nh57/prograVI/design-patterns/.metals/.reports/metals-full/r_compiler-error_1693229833955
/home/fundalap-nh57/prograVI/design-patterns/java-example/design-patterns/singleton/Main.java:8: error: ';' expected
        SingletonExample singletonExample = SingletonExample.getInstance();
                        ^
/home/fundalap-nh57/prograVI/design-patterns/java-example/design-patterns/singleton/Main.java:8: error: cannot find symbol
        SingletonExample singletonExample = SingletonExample.getInstance();
                         ^
  symbol:   variable singletonExample
  location: class Main
/home/fundalap-nh57/prograVI/design-patterns/java-example/design-patterns/singleton/Main.java:8: error: cannot find symbol
        SingletonExample singletonExample = SingletonExample.getInstance();
                                                            ^
  symbol:   method getInstance()
  location: variable SingletonExample of type ForkJoinPool
/home/fundalap-nh57/prograVI/design-patterns/java-example/design-patterns/singleton/Main.java:9: error: cannot find symbol
        System.out.println(singletonExample);
                           ^
  symbol:   variable singletonExample
  location: class Main
/home/fundalap-nh57/prograVI/design-patterns/java-example/design-patterns/singleton/Main.java:11: error: cannot find symbol
        SingletonExample singletonSecondExample = SingletonExample.getInstance();
        ^
  symbol:   class SingletonExample
  location: class Main
/home/fundalap-nh57/prograVI/design-patterns/java-example/design-patterns/singleton/Main.java:11: error: cannot find symbol
        SingletonExample singletonSecondExample = SingletonExample.getInstance();
                                                                  ^
  symbol:   method getInstance()
  location: variable SingletonExample of type ForkJoinPool
Aug 28, 2023 9:37:14 AM scala.meta.internal.pc.CompilerAccess handleError
SEVERE: A severe compiler error occurred, full details of the error can be found in the error report /home/fundalap-nh57/prograVI/design-patterns/.metals/.reports/metals-full/r_compiler-error_1693229834738
Aug 28, 2023 9:37:15 AM scala.meta.internal.pc.CompilerAccess handleError
SEVERE: A severe compiler error occurred, full details of the error can be found in the error report /home/fundalap-nh57/prograVI/design-patterns/.metals/.reports/metals-full/r_compiler-error_1693229835015
/home/fundalap-nh57/prograVI/design-patterns/java-example/design-patterns/singleton/Main.java:8: error: cannot find symbol
        SingletonExample singletonExample = SingletonExample.getInstance();
        ^
  symbol:   class SingletonExample
  location: class Main
/home/fundalap-nh57/prograVI/design-patterns/java-example/design-patterns/singleton/Main.java:8: error: cannot find symbol
        SingletonExample singletonExample = SingletonExample.getInstance();
                                            ^
  symbol:   variable SingletonExample
  location: class Main
/home/fundalap-nh57/prograVI/design-patterns/java-example/design-patterns/singleton/Main.java:11: error: cannot find symbol
        SingletonExample singletonSecondExample = SingletonExample.getInstance();
        ^
  symbol:   class SingletonExample
  location: class Main
/home/fundalap-nh57/prograVI/design-patterns/java-example/design-patterns/singleton/Main.java:11: error: cannot find symbol
        SingletonExample singletonSecondExample = SingletonExample.getInstance();
                                                  ^
  symbol:   variable SingletonExample
  location: class Main
Aug 28, 2023 9:38:37 AM scala.meta.internal.pc.CompilerAccess handleError
SEVERE: A severe compiler error occurred, full details of the error can be found in the error report /home/fundalap-nh57/prograVI/design-patterns/.metals/.reports/metals-full/r_compiler-error_1693229917587
Aug 28, 2023 9:39:08 AM scala.meta.internal.pc.CompilerAccess handleError
SEVERE: A severe compiler error occurred, full details of the error can be found in the error report /home/fundalap-nh57/prograVI/design-patterns/.metals/.reports/metals-full/r_compiler-error_1693229948746
Aug 28, 2023 9:39:09 AM scala.meta.internal.pc.CompilerAccess handleError
SEVERE: A severe compiler error occurred, full details of the error can be found in the error report /home/fundalap-nh57/prograVI/design-patterns/.metals/.reports/metals-full/r_compiler-error_1693229949179
Aug 28, 2023 9:39:09 AM scala.meta.internal.pc.CompilerAccess handleError
SEVERE: A severe compiler error occurred, full details of the error can be found in the error report /home/fundalap-nh57/prograVI/design-patterns/.metals/.reports/metals-full/r_compiler-error_1693229949951
/home/fundalap-nh57/prograVI/design-patterns/java-example/design-patterns/singleton/Main.java:8: error: ';' expected
        SingletonExample singletonExample = SingletonExample.getInstance();
                        ^
/home/fundalap-nh57/prograVI/design-patterns/java-example/design-patterns/singleton/Main.java:7: error: cannot find symbol
        T
        ^
  symbol:   class T
  location: class Main
/home/fundalap-nh57/prograVI/design-patterns/java-example/design-patterns/singleton/Main.java:8: error: cannot find symbol
        SingletonExample singletonExample = SingletonExample.getInstance();
                         ^
  symbol:   variable singletonExample
  location: class Main
/home/fundalap-nh57/prograVI/design-patterns/java-example/design-patterns/singleton/Main.java:9: error: cannot find symbol
        System.out.println(singletonExample);
                           ^
  symbol:   variable singletonExample
  location: class Main
/home/fundalap-nh57/prograVI/design-patterns/java-example/design-patterns/singleton/Main.java:11: error: cannot find symbol
        SingletonExample singletonSecondExample = SingletonExample.getInstance();
        ^
  symbol:   class SingletonExample
  location: class Main
/home/fundalap-nh57/prograVI/design-patterns/java-example/design-patterns/singleton/Main.java:8: error: ';' expected
        SingletonExample singletonExample = SingletonExample.getInstance();
                        ^
Aug 28, 2023 9:39:10 AM scala.meta.internal.pc.CompilerAccess handleError
SEVERE: A severe compiler error occurred, full details of the error can be found in the error report /home/fundalap-nh57/prograVI/design-patterns/.metals/.reports/metals-full/r_compiler-error_1693229950878
/home/fundalap-nh57/prograVI/design-patterns/java-example/design-patterns/singleton/Main.java:7: error: cannot find symbol
        Threa
        ^
  symbol:   class Threa
  location: class Main
/home/fundalap-nh57/prograVI/design-patterns/java-example/design-patterns/singleton/Main.java:8: error: cannot find symbol
        SingletonExample singletonExample = SingletonExample.getInstance();
                         ^
  symbol:   variable singletonExample
  location: class Main
/home/fundalap-nh57/prograVI/design-patterns/java-example/design-patterns/singleton/Main.java:9: error: cannot find symbol
        System.out.println(singletonExample);
                           ^
  symbol:   variable singletonExample
  location: class Main
/home/fundalap-nh57/prograVI/design-patterns/java-example/design-patterns/singleton/Main.java:11: error: cannot find symbol
        SingletonExample singletonSecondExample = SingletonExample.getInstance();
        ^
  symbol:   class SingletonExample
  location: class Main
/home/fundalap-nh57/prograVI/design-patterns/java-example/design-patterns/singleton/Main.java:8: error: ';' expected
        SingletonExample singletonExample = SingletonExample.getInstance();
                        ^
/home/fundalap-nh57/prograVI/design-patterns/java-example/design-patterns/singleton/Main.java:8: error: cannot find symbol
        SingletonExample singletonExample = SingletonExample.getInstance();
                         ^
  symbol:   variable singletonExample
  location: class Main
/home/fundalap-nh57/prograVI/design-patterns/java-example/design-patterns/singleton/Main.java:8: error: cannot find symbol
        SingletonExample singletonExample = SingletonExample.getInstance();
                                                            ^
  symbol:   method getInstance()
  location: variable SingletonExample of type Thread
/home/fundalap-nh57/prograVI/design-patterns/java-example/design-patterns/singleton/Main.java:9: error: cannot find symbol
        System.out.println(singletonExample);
                           ^
  symbol:   variable singletonExample
  location: class Main
/home/fundalap-nh57/prograVI/design-patterns/java-example/design-patterns/singleton/Main.java:11: error: cannot find symbol
        SingletonExample singletonSecondExample = SingletonExample.getInstance();
        ^
  symbol:   class SingletonExample
  location: class Main
/home/fundalap-nh57/prograVI/design-patterns/java-example/design-patterns/singleton/Main.java:11: error: cannot find symbol
        SingletonExample singletonSecondExample = SingletonExample.getInstance();
                                                                  ^
  symbol:   method getInstance()
  location: variable SingletonExample of type Thread
Aug 28, 2023 9:39:11 AM scala.meta.internal.pc.CompilerAccess handleError
SEVERE: A severe compiler error occurred, full details of the error can be found in the error report /home/fundalap-nh57/prograVI/design-patterns/.metals/.reports/metals-full/r_compiler-error_1693229951747
/home/fundalap-nh57/prograVI/design-patterns/java-example/design-patterns/singleton/Main.java:7: error: ';' expected
        Thread t 
                ^
/home/fundalap-nh57/prograVI/design-patterns/java-example/design-patterns/singleton/Main.java:8: error: cannot find symbol
        SingletonExample singletonExample = SingletonExample.getInstance();
        ^
  symbol:   class SingletonExample
  location: class Main
/home/fundalap-nh57/prograVI/design-patterns/java-example/design-patterns/singleton/Main.java:8: error: cannot find symbol
        SingletonExample singletonExample = SingletonExample.getInstance();
                                            ^
  symbol:   variable SingletonExample
  location: class Main
/home/fundalap-nh57/prograVI/design-patterns/java-example/design-patterns/singleton/Main.java:11: error: cannot find symbol
        SingletonExample singletonSecondExample = SingletonExample.getInstance();
        ^
  symbol:   class SingletonExample
  location: class Main
/home/fundalap-nh57/prograVI/design-patterns/java-example/design-patterns/singleton/Main.java:11: error: cannot find symbol
        SingletonExample singletonSecondExample = SingletonExample.getInstance();
                                                  ^
  symbol:   variable SingletonExample
  location: class Main
/home/fundalap-nh57/prograVI/design-patterns/java-example/design-patterns/singleton/Main.java:8: error: ';' expected
        SingletonExample singletonExample = SingletonExample.getInstance();
                        ^
/home/fundalap-nh57/prograVI/design-patterns/java-example/design-patterns/singleton/Main.java:8: error: cannot find symbol
        SingletonExample singletonExample = SingletonExample.getInstance();
        ^
  symbol:   variable SingletonExample
  location: class Main
/home/fundalap-nh57/prograVI/design-patterns/java-example/design-patterns/singleton/Main.java:8: error: cannot find symbol
        SingletonExample singletonExample = SingletonExample.getInstance();
                         ^
  symbol:   variable singletonExample
  location: class Main
/home/fundalap-nh57/prograVI/design-patterns/java-example/design-patterns/singleton/Main.java:8: error: cannot find symbol
        SingletonExample singletonExample = SingletonExample.getInstance();
                                            ^
  symbol:   variable SingletonExample
  location: class Main
/home/fundalap-nh57/prograVI/design-patterns/java-example/design-patterns/singleton/Main.java:9: error: cannot find symbol
        System.out.println(singletonExample);
                           ^
  symbol:   variable singletonExample
  location: class Main
/home/fundalap-nh57/prograVI/design-patterns/java-example/design-patterns/singleton/Main.java:11: error: cannot find symbol
        SingletonExample singletonSecondExample = SingletonExample.getInstance();
        ^
  symbol:   class SingletonExample
  location: class Main
/home/fundalap-nh57/prograVI/design-patterns/java-example/design-patterns/singleton/Main.java:11: error: cannot find symbol
        SingletonExample singletonSecondExample = SingletonExample.getInstance();
                                                  ^
  symbol:   variable SingletonExample
  location: class Main
Aug 28, 2023 9:39:13 AM scala.meta.internal.pc.CompilerAccess handleError
SEVERE: A severe compiler error occurred, full details of the error can be found in the error report /home/fundalap-nh57/prograVI/design-patterns/.metals/.reports/metals-full/r_compiler-error_1693229953036
/home/fundalap-nh57/prograVI/design-patterns/java-example/design-patterns/singleton/Main.java:8: error: '(' or '[' expected
        SingletonExample singletonExample = SingletonExample.getInstance();
                         ^
/home/fundalap-nh57/prograVI/design-patterns/java-example/design-patterns/singleton/Main.java:8: error: cannot find symbol
        SingletonExample singletonExample = SingletonExample.getInstance();
        ^
  symbol:   class SingletonExample
  location: class Main
/home/fundalap-nh57/prograVI/design-patterns/java-example/design-patterns/singleton/Main.java:8: error: cannot find symbol
        SingletonExample singletonExample = SingletonExample.getInstance();
                                            ^
  symbol:   variable SingletonExample
  location: class Main
/home/fundalap-nh57/prograVI/design-patterns/java-example/design-patterns/singleton/Main.java:9: error: cannot find symbol
        System.out.println(singletonExample);
                           ^
  symbol:   variable singletonExample
  location: class Main
/home/fundalap-nh57/prograVI/design-patterns/java-example/design-patterns/singleton/Main.java:11: error: cannot find symbol
        SingletonExample singletonSecondExample = SingletonExample.getInstance();
        ^
  symbol:   class SingletonExample
  location: class Main
/home/fundalap-nh57/prograVI/design-patterns/java-example/design-patterns/singleton/Main.java:11: error: cannot find symbol
        SingletonExample singletonSecondExample = SingletonExample.getInstance();
                                                  ^
  symbol:   variable SingletonExample
  location: class Main
/home/fundalap-nh57/prograVI/design-patterns/java-example/design-patterns/singleton/Main.java:8: error: '(' or '[' expected
        SingletonExample singletonExample = SingletonExample.getInstance();
        ^
/home/fundalap-nh57/prograVI/design-patterns/java-example/design-patterns/singleton/Main.java:7: error: cannot find symbol
        Thread t = new T
                       ^
  symbol:   class T
  location: class Main
/home/fundalap-nh57/prograVI/design-patterns/java-example/design-patterns/singleton/Main.java:8: error: cannot find symbol
        SingletonExample singletonExample = SingletonExample.getInstance();
                                            ^
  symbol:   variable SingletonExample
  location: class Main
/home/fundalap-nh57/prograVI/design-patterns/java-example/design-patterns/singleton/Main.java:11: error: cannot find symbol
        SingletonExample singletonSecondExample = SingletonExample.getInstance();
        ^
  symbol:   class SingletonExample
  location: class Main
/home/fundalap-nh57/prograVI/design-patterns/java-example/design-patterns/singleton/Main.java:11: error: cannot find symbol
        SingletonExample singletonSecondExample = SingletonExample.getInstance();
                                                  ^
  symbol:   variable SingletonExample
  location: class Main
/home/fundalap-nh57/prograVI/design-patterns/java-example/design-patterns/singleton/Main.java:8: error: '(' or '[' expected
        SingletonExample singletonExample = SingletonExample.getInstance();
        ^
/home/fundalap-nh57/prograVI/design-patterns/java-example/design-patterns/singleton/Main.java:7: error: cannot find symbol
        Thread t = new The
                       ^
  symbol:   class The
  location: class Main
/home/fundalap-nh57/prograVI/design-patterns/java-example/design-patterns/singleton/Main.java:8: error: cannot find symbol
        SingletonExample singletonExample = SingletonExample.getInstance();
                                            ^
  symbol:   variable SingletonExample
  location: class Main
/home/fundalap-nh57/prograVI/design-patterns/java-example/design-patterns/singleton/Main.java:11: error: cannot find symbol
        SingletonExample singletonSecondExample = SingletonExample.getInstance();
        ^
  symbol:   class SingletonExample
  location: class Main
/home/fundalap-nh57/prograVI/design-patterns/java-example/design-patterns/singleton/Main.java:11: error: cannot find symbol
        SingletonExample singletonSecondExample = SingletonExample.getInstance();
                                                  ^
  symbol:   variable SingletonExample
  location: class Main
Aug 28, 2023 9:39:15 AM scala.meta.internal.pc.CompilerAccess handleError
SEVERE: A severe compiler error occurred, full details of the error can be found in the error report /home/fundalap-nh57/prograVI/design-patterns/.metals/.reports/metals-full/r_compiler-error_1693229955419
/home/fundalap-nh57/prograVI/design-patterns/java-example/design-patterns/singleton/Main.java:7: error: ';' expected
        Thread t = new Thread()
                               ^
/home/fundalap-nh57/prograVI/design-patterns/java-example/design-patterns/singleton/Main.java:8: error: cannot find symbol
        SingletonExample singletonExample = SingletonExample.getInstance();
        ^
  symbol:   class SingletonExample
  location: class Main
/home/fundalap-nh57/prograVI/design-patterns/java-example/design-patterns/singleton/Main.java:8: error: cannot find symbol
        SingletonExample singletonExample = SingletonExample.getInstance();
                                            ^
  symbol:   variable SingletonExample
  location: class Main
/home/fundalap-nh57/prograVI/design-patterns/java-example/design-patterns/singleton/Main.java:11: error: cannot find symbol
        SingletonExample singletonSecondExample = SingletonExample.getInstance();
        ^
  symbol:   class SingletonExample
  location: class Main
/home/fundalap-nh57/prograVI/design-patterns/java-example/design-patterns/singleton/Main.java:11: error: cannot find symbol
        SingletonExample singletonSecondExample = SingletonExample.getInstance();
                                                  ^
  symbol:   variable SingletonExample
  location: class Main
/home/fundalap-nh57/prograVI/design-patterns/java-example/design-patterns/singleton/Main.java:8: error: cannot find symbol
        SingletonExample singletonExample = SingletonExample.getInstance();
        ^
  symbol:   class SingletonExample
  location: class Main
/home/fundalap-nh57/prograVI/design-patterns/java-example/design-patterns/singleton/Main.java:8: error: cannot find symbol
        SingletonExample singletonExample = SingletonExample.getInstance();
                                            ^
  symbol:   variable SingletonExample
  location: class Main
/home/fundalap-nh57/prograVI/design-patterns/java-example/design-patterns/singleton/Main.java:11: error: cannot find symbol
        SingletonExample singletonSecondExample = SingletonExample.getInstance();
        ^
  symbol:   class SingletonExample
  location: class Main
/home/fundalap-nh57/prograVI/design-patterns/java-example/design-patterns/singleton/Main.java:11: error: cannot find symbol
        SingletonExample singletonSecondExample = SingletonExample.getInstance();
                                                  ^
  symbol:   variable SingletonExample
  location: class Main
/home/fundalap-nh57/prograVI/design-patterns/java-example/design-patterns/singleton/Main.java:9: error: cannot find symbol
        SingletonExample singletonExample = SingletonExample.getInstance();
        ^
  symbol:   class SingletonExample
  location: class Main
/home/fundalap-nh57/prograVI/design-patterns/java-example/design-patterns/singleton/Main.java:9: error: cannot find symbol
        SingletonExample singletonExample = SingletonExample.getInstance();
                                            ^
  symbol:   variable SingletonExample
  location: class Main
/home/fundalap-nh57/prograVI/design-patterns/java-example/design-patterns/singleton/Main.java:12: error: cannot find symbol
        SingletonExample singletonSecondExample = SingletonExample.getInstance();
        ^
  symbol:   class SingletonExample
  location: class Main
/home/fundalap-nh57/prograVI/design-patterns/java-example/design-patterns/singleton/Main.java:12: error: cannot find symbol
        SingletonExample singletonSecondExample = SingletonExample.getInstance();
                                                  ^
  symbol:   variable SingletonExample
  location: class Main
/home/fundalap-nh57/prograVI/design-patterns/java-example/design-patterns/singleton/Main.java:3: error: package java.util.oncurrent does not exist
import java.util.oncurrent.ForkJoinPool;
                          ^
/home/fundalap-nh57/prograVI/design-patterns/java-example/design-patterns/singleton/Main.java:9: error: cannot find symbol
        SingletonExample singletonExample = SingletonExample.getInstance();
        ^
  symbol:   class SingletonExample
  location: class Main
/home/fundalap-nh57/prograVI/design-patterns/java-example/design-patterns/singleton/Main.java:9: error: cannot find symbol
        SingletonExample singletonExample = SingletonExample.getInstance();
                                            ^
  symbol:   variable SingletonExample
  location: class Main
/home/fundalap-nh57/prograVI/design-patterns/java-example/design-patterns/singleton/Main.java:12: error: cannot find symbol
        SingletonExample singletonSecondExample = SingletonExample.getInstance();
        ^
  symbol:   class SingletonExample
  location: class Main
/home/fundalap-nh57/prograVI/design-patterns/java-example/design-patterns/singleton/Main.java:12: error: cannot find symbol
        SingletonExample singletonSecondExample = SingletonExample.getInstance();
                                                  ^
  symbol:   variable SingletonExample
  location: class Main
/home/fundalap-nh57/prograVI/design-patterns/java-example/design-patterns/singleton/Main.java:8: error: cannot find symbol
        SingletonExample singletonExample = SingletonExample.getInstance();
        ^
  symbol:   class SingletonExample
  location: class Main
/home/fundalap-nh57/prograVI/design-patterns/java-example/design-patterns/singleton/Main.java:8: error: cannot find symbol
        SingletonExample singletonExample = SingletonExample.getInstance();
                                            ^
  symbol:   variable SingletonExample
  location: class Main
/home/fundalap-nh57/prograVI/design-patterns/java-example/design-patterns/singleton/Main.java:11: error: cannot find symbol
        SingletonExample singletonSecondExample = SingletonExample.getInstance();
        ^
  symbol:   class SingletonExample
  location: class Main
/home/fundalap-nh57/prograVI/design-patterns/java-example/design-patterns/singleton/Main.java:11: error: cannot find symbol
        SingletonExample singletonSecondExample = SingletonExample.getInstance();
                                                  ^
  symbol:   variable SingletonExample
  location: class Main
/home/fundalap-nh57/prograVI/design-patterns/java-example/design-patterns/singleton/Main.java:7: error: cannot find symbol
        SingletonExample singletonExample = SingletonExample.getInstance();
        ^
  symbol:   class SingletonExample
  location: class Main
/home/fundalap-nh57/prograVI/design-patterns/java-example/design-patterns/singleton/Main.java:7: error: cannot find symbol
        SingletonExample singletonExample = SingletonExample.getInstance();
                                            ^
  symbol:   variable SingletonExample
  location: class Main
/home/fundalap-nh57/prograVI/design-patterns/java-example/design-patterns/singleton/Main.java:10: error: cannot find symbol
        SingletonExample singletonSecondExample = SingletonExample.getInstance();
        ^
  symbol:   class SingletonExample
  location: class Main
/home/fundalap-nh57/prograVI/design-patterns/java-example/design-patterns/singleton/Main.java:10: error: cannot find symbol
        SingletonExample singletonSecondExample = SingletonExample.getInstance();
                                                  ^
  symbol:   variable SingletonExample
  location: class Main
Aug 28, 2023 9:39:23 AM scala.meta.internal.pc.CompilerAccess handleError
SEVERE: A severe compiler error occurred, full details of the error can be found in the error report /home/fundalap-nh57/prograVI/design-patterns/.metals/.reports/metals-full/r_compiler-error_1693229963081
Aug 28, 2023 9:39:29 AM scala.meta.internal.pc.CompilerAccess handleError
SEVERE: A severe compiler error occurred, full details of the error can be found in the error report /home/fundalap-nh57/prograVI/design-patterns/.metals/.reports/metals-full/r_compiler-error_1693229969064
/home/fundalap-nh57/prograVI/design-patterns/java-example/design-patterns/singleton/Main.java:8: error: cannot find symbol
        SingletonExample singletonExample = SingletonExample.getInstance();
        ^
  symbol:   class SingletonExample
  location: class Main
/home/fundalap-nh57/prograVI/design-patterns/java-example/design-patterns/singleton/Main.java:8: error: cannot find symbol
        SingletonExample singletonExample = SingletonExample.getInstance();
                                            ^
  symbol:   variable SingletonExample
  location: class Main
/home/fundalap-nh57/prograVI/design-patterns/java-example/design-patterns/singleton/Main.java:11: error: cannot find symbol
        SingletonExample singletonSecondExample = SingletonExample.getInstance();
        ^
  symbol:   class SingletonExample
  location: class Main
/home/fundalap-nh57/prograVI/design-patterns/java-example/design-patterns/singleton/Main.java:11: error: cannot find symbol
        SingletonExample singletonSecondExample = SingletonExample.getInstance();
                                                  ^
  symbol:   variable SingletonExample
  location: class Main
Aug 28, 2023 9:39:54 AM scala.meta.internal.pc.CompilerAccess handleError
SEVERE: A severe compiler error occurred, full details of the error can be found in the error report /home/fundalap-nh57/prograVI/design-patterns/.metals/.reports/metals-full/r_compiler-error_1693229994224
/home/fundalap-nh57/prograVI/design-patterns/java-example/design-patterns/singleton/Main.java:8: error: ';' expected
        SingletonExample singletonExample = SingletonExample.getInstance();
                        ^
/home/fundalap-nh57/prograVI/design-patterns/java-example/design-patterns/singleton/Main.java:6: error: cannot find symbol
        t
        ^
  symbol:   class t
  location: class Main
/home/fundalap-nh57/prograVI/design-patterns/java-example/design-patterns/singleton/Main.java:8: error: cannot find symbol
        SingletonExample singletonExample = SingletonExample.getInstance();
                         ^
  symbol:   variable singletonExample
  location: class Main
/home/fundalap-nh57/prograVI/design-patterns/java-example/design-patterns/singleton/Main.java:9: error: cannot find symbol
        System.out.println(singletonExample);
                           ^
  symbol:   variable singletonExample
  location: class Main
/home/fundalap-nh57/prograVI/design-patterns/java-example/design-patterns/singleton/Main.java:11: error: cannot find symbol
        SingletonExample singletonSecondExample = SingletonExample.getInstance();
        ^
  symbol:   class SingletonExample
  location: class Main
Aug 28, 2023 9:39:54 AM scala.meta.internal.pc.CompilerAccess handleError
SEVERE: A severe compiler error occurred, full details of the error can be found in the error report /home/fundalap-nh57/prograVI/design-patterns/.metals/.reports/metals-full/r_compiler-error_1693229994599
/home/fundalap-nh57/prograVI/design-patterns/java-example/design-patterns/singleton/Main.java:6: error: package t does not exist
        t.
         ^
/home/fundalap-nh57/prograVI/design-patterns/java-example/design-patterns/singleton/Main.java:8: error: cannot find symbol
        SingletonExample singletonExample = SingletonExample.getInstance();
                                            ^
  symbol:   variable SingletonExample
  location: class Main
/home/fundalap-nh57/prograVI/design-patterns/java-example/design-patterns/singleton/Main.java:11: error: cannot find symbol
        SingletonExample singletonSecondExample = SingletonExample.getInstance();
        ^
  symbol:   class SingletonExample
  location: class Main
/home/fundalap-nh57/prograVI/design-patterns/java-example/design-patterns/singleton/Main.java:11: error: cannot find symbol
        SingletonExample singletonSecondExample = SingletonExample.getInstance();
                                                  ^
  symbol:   variable SingletonExample
  location: class Main
Aug 28, 2023 9:40:01 AM scala.meta.internal.pc.CompilerAccess handleError
SEVERE: A severe compiler error occurred, full details of the error can be found in the error report /home/fundalap-nh57/prograVI/design-patterns/.metals/.reports/metals-full/r_compiler-error_1693230001408
/home/fundalap-nh57/prograVI/design-patterns/java-example/design-patterns/singleton/Main.java:8: error: cannot find symbol
        SingletonExample singletonExample = SingletonExample.getInstance();
        ^
  symbol:   class SingletonExample
  location: class Main
/home/fundalap-nh57/prograVI/design-patterns/java-example/design-patterns/singleton/Main.java:8: error: cannot find symbol
        SingletonExample singletonExample = SingletonExample.getInstance();
                                            ^
  symbol:   variable SingletonExample
  location: class Main
/home/fundalap-nh57/prograVI/design-patterns/java-example/design-patterns/singleton/Main.java:11: error: cannot find symbol
        SingletonExample singletonSecondExample = SingletonExample.getInstance();
        ^
  symbol:   class SingletonExample
  location: class Main
/home/fundalap-nh57/prograVI/design-patterns/java-example/design-patterns/singleton/Main.java:11: error: cannot find symbol
        SingletonExample singletonSecondExample = SingletonExample.getInstance();
                                                  ^
  symbol:   variable SingletonExample
  location: class Main
/home/fundalap-nh57/prograVI/design-patterns/java-example/design-patterns/singleton/Main.java:8: error: cannot find symbol
        SingletonExample singletonExample = SingletonExample.getInstance();
        ^
  symbol:   class SingletonExample
  location: class Main
/home/fundalap-nh57/prograVI/design-patterns/java-example/design-patterns/singleton/Main.java:8: error: cannot find symbol
        SingletonExample singletonExample = SingletonExample.getInstance();
                                            ^
  symbol:   variable SingletonExample
  location: class Main
/home/fundalap-nh57/prograVI/design-patterns/java-example/design-patterns/singleton/Main.java:11: error: cannot find symbol
        System.out.println(singletonSecondExample);
                           ^
  symbol:   variable singletonSecondExample
  location: class Main
/home/fundalap-nh57/prograVI/design-patterns/java-example/design-patterns/singleton/Main.java:8: error: cannot find symbol
        SingletonExample singletonExample = SingletonExample.getInstance();
        ^
  symbol:   class SingletonExample
  location: class Main
/home/fundalap-nh57/prograVI/design-patterns/java-example/design-patterns/singleton/Main.java:8: error: cannot find symbol
        SingletonExample singletonExample = SingletonExample.getInstance();
                                            ^
  symbol:   variable SingletonExample
  location: class Main
/home/fundalap-nh57/prograVI/design-patterns/java-example/design-patterns/singleton/Main.java:10: error: cannot find symbol
        System.out.println(singletonSecondExample);
                           ^
  symbol:   variable singletonSecondExample
  location: class Main
/home/fundalap-nh57/prograVI/design-patterns/java-example/design-patterns/singleton/Main.java:8: error: cannot find symbol
        SingletonExample singletonExample = SingletonExample.getInstance();
        ^
  symbol:   class SingletonExample
  location: class Main
/home/fundalap-nh57/prograVI/design-patterns/java-example/design-patterns/singleton/Main.java:8: error: cannot find symbol
        SingletonExample singletonExample = SingletonExample.getInstance();
                                            ^
  symbol:   variable SingletonExample
  location: class Main
/home/fundalap-nh57/prograVI/design-patterns/java-example/design-patterns/singleton/Main.java:11: error: cannot find symbol
        System.out.println(singletonSecondExample);
                           ^
  symbol:   variable singletonSecondExample
  location: class Main
/home/fundalap-nh57/prograVI/design-patterns/java-example/design-patterns/singleton/Main.java:8: error: cannot find symbol
        SingletonExample singletonExample = SingletonExample.getInstance();
        ^
  symbol:   class SingletonExample
  location: class Main
/home/fundalap-nh57/prograVI/design-patterns/java-example/design-patterns/singleton/Main.java:8: error: cannot find symbol
        SingletonExample singletonExample = SingletonExample.getInstance();
                                            ^
  symbol:   variable SingletonExample
  location: class Main
/home/fundalap-nh57/prograVI/design-patterns/java-example/design-patterns/singleton/Main.java:9: error: cannot find symbol
        SingletonExample singletonSecondExample = SingletonExample.getInstance();
        ^
  symbol:   class SingletonExample
  location: class Main
/home/fundalap-nh57/prograVI/design-patterns/java-example/design-patterns/singleton/Main.java:9: error: cannot find symbol
        SingletonExample singletonSecondExample = SingletonExample.getInstance();
                                                  ^
  symbol:   variable SingletonExample
  location: class Main
/home/fundalap-nh57/prograVI/design-patterns/java-example/design-patterns/singleton/Main.java:8: error: cannot find symbol
        SingletonExample singletonExample = SingletonExample.getInstance();
        ^
  symbol:   class SingletonExample
  location: class Main
/home/fundalap-nh57/prograVI/design-patterns/java-example/design-patterns/singleton/Main.java:8: error: cannot find symbol
        SingletonExample singletonExample = SingletonExample.getInstance();
                                            ^
  symbol:   variable SingletonExample
  location: class Main
/home/fundalap-nh57/prograVI/design-patterns/java-example/design-patterns/singleton/Main.java:9: error: cannot find symbol
        SingletonExample singletonSecondExample = SingletonExample.getInstance();
        ^
  symbol:   class SingletonExample
  location: class Main
/home/fundalap-nh57/prograVI/design-patterns/java-example/design-patterns/singleton/Main.java:9: error: cannot find symbol
        SingletonExample singletonSecondExample = SingletonExample.getInstance();
                                                  ^
  symbol:   variable SingletonExample
  location: class Main
Aug 28, 2023 9:40:22 AM scala.meta.internal.pc.CompilerAccess handleError
SEVERE: A severe compiler error occurred, full details of the error can be found in the error report /home/fundalap-nh57/prograVI/design-patterns/.metals/.reports/metals-full/r_compiler-error_1693230022685
Aug 28, 2023 9:40:23 AM scala.meta.internal.pc.CompilerAccess handleError
SEVERE: A severe compiler error occurred, full details of the error can be found in the error report /home/fundalap-nh57/prograVI/design-patterns/.metals/.reports/metals-full/r_compiler-error_1693230023640
Aug 28, 2023 9:40:24 AM scala.meta.internal.pc.CompilerAccess handleError
SEVERE: A severe compiler error occurred, full details of the error can be found in the error report /home/fundalap-nh57/prograVI/design-patterns/.metals/.reports/metals-full/r_compiler-error_1693230024279
Aug 28, 2023 9:40:25 AM scala.meta.internal.pc.CompilerAccess handleError
SEVERE: A severe compiler error occurred, full details of the error can be found in the error report /home/fundalap-nh57/prograVI/design-patterns/.metals/.reports/metals-full/r_compiler-error_1693230025745
Aug 28, 2023 9:40:27 AM scala.meta.internal.pc.CompilerAccess handleError
SEVERE: A severe compiler error occurred, full details of the error can be found in the error report /home/fundalap-nh57/prograVI/design-patterns/.metals/.reports/metals-full/r_compiler-error_1693230027317
2023.08.28 09:40:27 WARN  no build target for: /home/fundalap-nh57/prograVI/design-patterns/java-example/design-patterns/singleton/Main.java
2023.08.28 09:40:27 WARN  no build target for: /home/fundalap-nh57/prograVI/design-patterns/java-example/design-patterns/singleton/Main.java
Aug 28, 2023 9:40:27 AM scala.meta.internal.pc.CompilerAccess handleError
SEVERE: A severe compiler error occurred, full details of the error can be found in the error report /home/fundalap-nh57/prograVI/design-patterns/.metals/.reports/metals-full/r_compiler-error_1693230027486
2023.08.28 09:40:28 WARN  no build target for: /home/fundalap-nh57/prograVI/design-patterns/java-example/design-patterns/singleton/Main.java
Aug 28, 2023 9:40:29 AM scala.meta.internal.pc.CompilerAccess handleError
SEVERE: A severe compiler error occurred, full details of the error can be found in the error report /home/fundalap-nh57/prograVI/design-patterns/.metals/.reports/metals-full/r_compiler-error_1693230029302
Aug 28, 2023 9:40:33 AM scala.meta.internal.pc.CompilerAccess handleError
SEVERE: A severe compiler error occurred, full details of the error can be found in the error report /home/fundalap-nh57/prograVI/design-patterns/.metals/.reports/metals-full/r_compiler-error_1693230033314
Aug 28, 2023 9:40:35 AM scala.meta.internal.pc.CompilerAccess handleError
SEVERE: A severe compiler error occurred, full details of the error can be found in the error report /home/fundalap-nh57/prograVI/design-patterns/.metals/.reports/metals-full/r_compiler-error_1693230035352
Aug 28, 2023 9:40:43 AM scala.meta.internal.pc.CompilerAccess handleError
SEVERE: A severe compiler error occurred, full details of the error can be found in the error report /home/fundalap-nh57/prograVI/design-patterns/.metals/.reports/metals-full/r_compiler-error_1693230043329
Aug 28, 2023 9:40:43 AM scala.meta.internal.pc.CompilerAccess handleError
SEVERE: A severe compiler error occurred, full details of the error can be found in the error report /home/fundalap-nh57/prograVI/design-patterns/.metals/.reports/metals-full/r_compiler-error_1693230043978
Aug 28, 2023 9:40:47 AM scala.meta.internal.pc.CompilerAccess handleError
SEVERE: A severe compiler error occurred, full details of the error can be found in the error report /home/fundalap-nh57/prograVI/design-patterns/.metals/.reports/metals-full/r_compiler-error_1693230047431
Aug 28, 2023 9:40:48 AM scala.meta.internal.pc.CompilerAccess handleError
SEVERE: A severe compiler error occurred, full details of the error can be found in the error report /home/fundalap-nh57/prograVI/design-patterns/.metals/.reports/metals-full/r_compiler-error_1693230048449
Aug 28, 2023 9:40:49 AM scala.meta.internal.pc.CompilerAccess handleError
SEVERE: A severe compiler error occurred, full details of the error can be found in the error report /home/fundalap-nh57/prograVI/design-patterns/.metals/.reports/metals-full/r_compiler-error_1693230049257
Aug 28, 2023 9:42:06 AM scala.meta.internal.pc.CompilerAccess handleError
SEVERE: A severe compiler error occurred, full details of the error can be found in the error report /home/fundalap-nh57/prograVI/design-patterns/.metals/.reports/metals-full/r_compiler-error_1693230126723
Aug 28, 2023 9:42:26 AM scala.meta.internal.pc.CompilerAccess handleError
SEVERE: A severe compiler error occurred, full details of the error can be found in the error report /home/fundalap-nh57/prograVI/design-patterns/.metals/.reports/metals-full/r_compiler-error_1693230146783
Aug 28, 2023 9:42:30 AM scala.meta.internal.pc.CompilerAccess handleError
SEVERE: A severe compiler error occurred, full details of the error can be found in the error report /home/fundalap-nh57/prograVI/design-patterns/.metals/.reports/metals-full/r_compiler-error_1693230150336
/home/fundalap-nh57/prograVI/design-patterns/java-example/design-patterns/singleton/Main.java:7: error: ';' expected
        SingletonExample singletonExample = SingletonExample.getInstance();
                        ^
Aug 28, 2023 9:42:31 AM scala.meta.internal.pc.CompilerAccess handleError
SEVERE: A severe compiler error occurred, full details of the error can be found in the error report /home/fundalap-nh57/prograVI/design-patterns/.metals/.reports/metals-full/r_compiler-error_1693230151215
/home/fundalap-nh57/prograVI/design-patterns/java-example/design-patterns/singleton/Main.java:5: error: cannot find symbol
        Runnab
        ^
  symbol:   class Runnab
  location: class Main
/home/fundalap-nh57/prograVI/design-patterns/java-example/design-patterns/singleton/Main.java:7: error: cannot find symbol
        SingletonExample singletonExample = SingletonExample.getInstance();
                         ^
  symbol:   variable singletonExample
  location: class Main
/home/fundalap-nh57/prograVI/design-patterns/java-example/design-patterns/singleton/Main.java:8: error: cannot find symbol
        SingletonExample singletonSecondExample = SingletonExample.getInstance();
        ^
  symbol:   class SingletonExample
  location: class Main
/home/fundalap-nh57/prograVI/design-patterns/java-example/design-patterns/singleton/Main.java:9: error: cannot find symbol
        System.out.println(singletonExample);
                           ^
  symbol:   variable singletonExample
  location: class Main
/home/fundalap-nh57/prograVI/design-patterns/java-example/design-patterns/singleton/Main.java:7: error: ';' expected
        SingletonExample singletonExample = SingletonExample.getInstance();
                        ^
/home/fundalap-nh57/prograVI/design-patterns/java-example/design-patterns/singleton/Main.java:7: error: cannot find symbol
        SingletonExample singletonExample = SingletonExample.getInstance();
                         ^
  symbol:   variable singletonExample
  location: class Main
/home/fundalap-nh57/prograVI/design-patterns/java-example/design-patterns/singleton/Main.java:7: error: cannot find symbol
        SingletonExample singletonExample = SingletonExample.getInstance();
                                                            ^
  symbol:   method getInstance()
  location: variable SingletonExample of type Runnable
/home/fundalap-nh57/prograVI/design-patterns/java-example/design-patterns/singleton/Main.java:8: error: cannot find symbol
        SingletonExample singletonSecondExample = SingletonExample.getInstance();
        ^
  symbol:   class SingletonExample
  location: class Main
/home/fundalap-nh57/prograVI/design-patterns/java-example/design-patterns/singleton/Main.java:8: error: cannot find symbol
        SingletonExample singletonSecondExample = SingletonExample.getInstance();
                                                                  ^
  symbol:   method getInstance()
  location: variable SingletonExample of type Runnable
/home/fundalap-nh57/prograVI/design-patterns/java-example/design-patterns/singleton/Main.java:9: error: cannot find symbol
        System.out.println(singletonExample);
                           ^
  symbol:   variable singletonExample
  location: class Main
/home/fundalap-nh57/prograVI/design-patterns/java-example/design-patterns/singleton/Main.java:7: error: ';' expected
        SingletonExample singletonExample = SingletonExample.getInstance();
                        ^
Aug 28, 2023 9:42:31 AM scala.meta.internal.pc.CompilerAccess handleError
SEVERE: A severe compiler error occurred, full details of the error can be found in the error report /home/fundalap-nh57/prograVI/design-patterns/.metals/.reports/metals-full/r_compiler-error_1693230151726
/home/fundalap-nh57/prograVI/design-patterns/java-example/design-patterns/singleton/Main.java:7: error: cannot find symbol
        SingletonExample singletonExample = SingletonExample.getInstance();
                         ^
  symbol:   variable singletonExample
  location: class Main
/home/fundalap-nh57/prograVI/design-patterns/java-example/design-patterns/singleton/Main.java:7: error: cannot find symbol
        SingletonExample singletonExample = SingletonExample.getInstance();
                                                            ^
  symbol:   method getInstance()
  location: variable SingletonExample of type Runnable
/home/fundalap-nh57/prograVI/design-patterns/java-example/design-patterns/singleton/Main.java:8: error: cannot find symbol
        SingletonExample singletonSecondExample = SingletonExample.getInstance();
        ^
  symbol:   class SingletonExample
  location: class Main
/home/fundalap-nh57/prograVI/design-patterns/java-example/design-patterns/singleton/Main.java:8: error: cannot find symbol
        SingletonExample singletonSecondExample = SingletonExample.getInstance();
                                                                  ^
  symbol:   method getInstance()
  location: variable SingletonExample of type Runnable
/home/fundalap-nh57/prograVI/design-patterns/java-example/design-patterns/singleton/Main.java:9: error: cannot find symbol
        System.out.println(singletonExample);
                           ^
  symbol:   variable singletonExample
  location: class Main
/home/fundalap-nh57/prograVI/design-patterns/java-example/design-patterns/singleton/Main.java:5: error: ';' expected
        Runnable ru
                   ^
/home/fundalap-nh57/prograVI/design-patterns/java-example/design-patterns/singleton/Main.java:7: error: cannot find symbol
        SingletonExample singletonExample = SingletonExample.getInstance();
        ^
  symbol:   class SingletonExample
  location: class Main
/home/fundalap-nh57/prograVI/design-patterns/java-example/design-patterns/singleton/Main.java:7: error: cannot find symbol
        SingletonExample singletonExample = SingletonExample.getInstance();
                                            ^
  symbol:   variable SingletonExample
  location: class Main
/home/fundalap-nh57/prograVI/design-patterns/java-example/design-patterns/singleton/Main.java:8: error: cannot find symbol
        SingletonExample singletonSecondExample = SingletonExample.getInstance();
        ^
  symbol:   class SingletonExample
  location: class Main
/home/fundalap-nh57/prograVI/design-patterns/java-example/design-patterns/singleton/Main.java:8: error: cannot find symbol
        SingletonExample singletonSecondExample = SingletonExample.getInstance();
                                                  ^
  symbol:   variable SingletonExample
  location: class Main
/home/fundalap-nh57/prograVI/design-patterns/java-example/design-patterns/singleton/Main.java:5: error: ';' expected
        Runnable runn
                     ^
/home/fundalap-nh57/prograVI/design-patterns/java-example/design-patterns/singleton/Main.java:7: error: cannot find symbol
        SingletonExample singletonExample = SingletonExample.getInstance();
        ^
  symbol:   class SingletonExample
  location: class Main
/home/fundalap-nh57/prograVI/design-patterns/java-example/design-patterns/singleton/Main.java:7: error: cannot find symbol
        SingletonExample singletonExample = SingletonExample.getInstance();
                                            ^
  symbol:   variable SingletonExample
  location: class Main
/home/fundalap-nh57/prograVI/design-patterns/java-example/design-patterns/singleton/Main.java:8: error: cannot find symbol
        SingletonExample singletonSecondExample = SingletonExample.getInstance();
        ^
  symbol:   class SingletonExample
  location: class Main
/home/fundalap-nh57/prograVI/design-patterns/java-example/design-patterns/singleton/Main.java:8: error: cannot find symbol
        SingletonExample singletonSecondExample = SingletonExample.getInstance();
                                                  ^
  symbol:   variable SingletonExample
  location: class Main
Aug 28, 2023 9:42:32 AM scala.meta.internal.pc.CompilerAccess handleError
SEVERE: A severe compiler error occurred, full details of the error can be found in the error report /home/fundalap-nh57/prograVI/design-patterns/.metals/.reports/metals-full/r_compiler-error_1693230152991
Aug 28, 2023 9:42:33 AM scala.meta.internal.pc.CompilerAccess handleError
SEVERE: A severe compiler error occurred, full details of the error can be found in the error report /home/fundalap-nh57/prograVI/design-patterns/.metals/.reports/metals-full/r_compiler-error_1693230153056
Aug 28, 2023 9:42:33 AM scala.meta.internal.pc.CompilerAccess handleError
SEVERE: A severe compiler error occurred, full details of the error can be found in the error report /home/fundalap-nh57/prograVI/design-patterns/.metals/.reports/metals-full/r_compiler-error_1693230153136
/home/fundalap-nh57/prograVI/design-patterns/java-example/design-patterns/singleton/Main.java:5: error: ';' expected
        Runnable runnable1
                          ^
/home/fundalap-nh57/prograVI/design-patterns/java-example/design-patterns/singleton/Main.java:7: error: cannot find symbol
        SingletonExample singletonExample = SingletonExample.getInstance();
        ^
  symbol:   class SingletonExample
  location: class Main
/home/fundalap-nh57/prograVI/design-patterns/java-example/design-patterns/singleton/Main.java:7: error: cannot find symbol
        SingletonExample singletonExample = SingletonExample.getInstance();
                                            ^
  symbol:   variable SingletonExample
  location: class Main
/home/fundalap-nh57/prograVI/design-patterns/java-example/design-patterns/singleton/Main.java:8: error: cannot find symbol
        SingletonExample singletonSecondExample = SingletonExample.getInstance();
        ^
  symbol:   class SingletonExample
  location: class Main
/home/fundalap-nh57/prograVI/design-patterns/java-example/design-patterns/singleton/Main.java:8: error: cannot find symbol
        SingletonExample singletonSecondExample = SingletonExample.getInstance();
                                                  ^
  symbol:   variable SingletonExample
  location: class Main
/home/fundalap-nh57/prograVI/design-patterns/java-example/design-patterns/singleton/Main.java:5: error: ';' expected
        Runnable runnable1 
                          ^
/home/fundalap-nh57/prograVI/design-patterns/java-example/design-patterns/singleton/Main.java:7: error: cannot find symbol
        SingletonExample singletonExample = SingletonExample.getInstance();
        ^
  symbol:   class SingletonExample
  location: class Main
/home/fundalap-nh57/prograVI/design-patterns/java-example/design-patterns/singleton/Main.java:7: error: cannot find symbol
        SingletonExample singletonExample = SingletonExample.getInstance();
                                            ^
  symbol:   variable SingletonExample
  location: class Main
/home/fundalap-nh57/prograVI/design-patterns/java-example/design-patterns/singleton/Main.java:8: error: cannot find symbol
        SingletonExample singletonSecondExample = SingletonExample.getInstance();
        ^
  symbol:   class SingletonExample
  location: class Main
/home/fundalap-nh57/prograVI/design-patterns/java-example/design-patterns/singleton/Main.java:8: error: cannot find symbol
        SingletonExample singletonSecondExample = SingletonExample.getInstance();
                                                  ^
  symbol:   variable SingletonExample
  location: class Main
/home/fundalap-nh57/prograVI/design-patterns/java-example/design-patterns/singleton/Main.java:7: error: ';' expected
        SingletonExample singletonExample = SingletonExample.getInstance();
                        ^
/home/fundalap-nh57/prograVI/design-patterns/java-example/design-patterns/singleton/Main.java:7: error: cannot find symbol
        SingletonExample singletonExample = SingletonExample.getInstance();
        ^
  symbol:   variable SingletonExample
  location: class Main
/home/fundalap-nh57/prograVI/design-patterns/java-example/design-patterns/singleton/Main.java:7: error: cannot find symbol
        SingletonExample singletonExample = SingletonExample.getInstance();
                         ^
  symbol:   variable singletonExample
  location: class Main
/home/fundalap-nh57/prograVI/design-patterns/java-example/design-patterns/singleton/Main.java:7: error: cannot find symbol
        SingletonExample singletonExample = SingletonExample.getInstance();
                                            ^
  symbol:   variable SingletonExample
  location: class Main
/home/fundalap-nh57/prograVI/design-patterns/java-example/design-patterns/singleton/Main.java:8: error: cannot find symbol
        SingletonExample singletonSecondExample = SingletonExample.getInstance();
        ^
  symbol:   class SingletonExample
  location: class Main
/home/fundalap-nh57/prograVI/design-patterns/java-example/design-patterns/singleton/Main.java:8: error: cannot find symbol
        SingletonExample singletonSecondExample = SingletonExample.getInstance();
                                                  ^
  symbol:   variable SingletonExample
  location: class Main
/home/fundalap-nh57/prograVI/design-patterns/java-example/design-patterns/singleton/Main.java:9: error: cannot find symbol
        System.out.println(singletonExample);
                           ^
  symbol:   variable singletonExample
  location: class Main
Aug 28, 2023 9:42:40 AM scala.meta.internal.pc.CompilerAccess handleError
SEVERE: A severe compiler error occurred, full details of the error can be found in the error report /home/fundalap-nh57/prograVI/design-patterns/.metals/.reports/metals-full/r_compiler-error_1693230160538
/home/fundalap-nh57/prograVI/design-patterns/java-example/design-patterns/singleton/Main.java:5: error: -> expected
        Runnable runnable1 = ()
                               ^
/home/fundalap-nh57/prograVI/design-patterns/java-example/design-patterns/singleton/Main.java:7: error: ';' expected
        SingletonExample singletonExample = SingletonExample.getInstance();
                        ^
/home/fundalap-nh57/prograVI/design-patterns/java-example/design-patterns/singleton/Main.java:7: error: cannot find symbol
        SingletonExample singletonExample = SingletonExample.getInstance();
        ^
  symbol:   variable SingletonExample
  location: class Main
/home/fundalap-nh57/prograVI/design-patterns/java-example/design-patterns/singleton/Main.java:7: error: cannot find symbol
        SingletonExample singletonExample = SingletonExample.getInstance();
                         ^
  symbol:   variable singletonExample
  location: class Main
/home/fundalap-nh57/prograVI/design-patterns/java-example/design-patterns/singleton/Main.java:7: error: cannot find symbol
        SingletonExample singletonExample = SingletonExample.getInstance();
                                            ^
  symbol:   variable SingletonExample
  location: class Main
/home/fundalap-nh57/prograVI/design-patterns/java-example/design-patterns/singleton/Main.java:8: error: cannot find symbol
        SingletonExample singletonSecondExample = SingletonExample.getInstance();
        ^
  symbol:   class SingletonExample
  location: class Main
/home/fundalap-nh57/prograVI/design-patterns/java-example/design-patterns/singleton/Main.java:8: error: cannot find symbol
        SingletonExample singletonSecondExample = SingletonExample.getInstance();
                                                  ^
  symbol:   variable SingletonExample
  location: class Main
/home/fundalap-nh57/prograVI/design-patterns/java-example/design-patterns/singleton/Main.java:9: error: cannot find symbol
        System.out.println(singletonExample);
                           ^
  symbol:   variable singletonExample
  location: class Main
/home/fundalap-nh57/prograVI/design-patterns/java-example/design-patterns/singleton/Main.java:5: error: -> expected
        Runnable runnable1 = () 
                               ^
/home/fundalap-nh57/prograVI/design-patterns/java-example/design-patterns/singleton/Main.java:7: error: ';' expected
        SingletonExample singletonExample = SingletonExample.getInstance();
                        ^
/home/fundalap-nh57/prograVI/design-patterns/java-example/design-patterns/singleton/Main.java:7: error: cannot find symbol
        SingletonExample singletonExample = SingletonExample.getInstance();
        ^
  symbol:   variable SingletonExample
  location: class Main
/home/fundalap-nh57/prograVI/design-patterns/java-example/design-patterns/singleton/Main.java:7: error: cannot find symbol
        SingletonExample singletonExample = SingletonExample.getInstance();
                         ^
  symbol:   variable singletonExample
  location: class Main
/home/fundalap-nh57/prograVI/design-patterns/java-example/design-patterns/singleton/Main.java:7: error: cannot find symbol
        SingletonExample singletonExample = SingletonExample.getInstance();
                                            ^
  symbol:   variable SingletonExample
  location: class Main
/home/fundalap-nh57/prograVI/design-patterns/java-example/design-patterns/singleton/Main.java:8: error: cannot find symbol
        SingletonExample singletonSecondExample = SingletonExample.getInstance();
        ^
  symbol:   class SingletonExample
  location: class Main
/home/fundalap-nh57/prograVI/design-patterns/java-example/design-patterns/singleton/Main.java:8: error: cannot find symbol
        SingletonExample singletonSecondExample = SingletonExample.getInstance();
                                                  ^
  symbol:   variable SingletonExample
  location: class Main
/home/fundalap-nh57/prograVI/design-patterns/java-example/design-patterns/singleton/Main.java:9: error: cannot find symbol
        System.out.println(singletonExample);
                           ^
  symbol:   variable singletonExample
  location: class Main
/home/fundalap-nh57/prograVI/design-patterns/java-example/design-patterns/singleton/Main.java:5: error: -> expected
        Runnable runnable1 = () >
                               ^
/home/fundalap-nh57/prograVI/design-patterns/java-example/design-patterns/singleton/Main.java:5: error: illegal start of expression
        Runnable runnable1 = () >
                                ^
/home/fundalap-nh57/prograVI/design-patterns/java-example/design-patterns/singleton/Main.java:7: error: ';' expected
        SingletonExample singletonExample = SingletonExample.getInstance();
                        ^
/home/fundalap-nh57/prograVI/design-patterns/java-example/design-patterns/singleton/Main.java:7: error: cannot find symbol
        SingletonExample singletonExample = SingletonExample.getInstance();
        ^
  symbol:   variable SingletonExample
  location: class Main
/home/fundalap-nh57/prograVI/design-patterns/java-example/design-patterns/singleton/Main.java:7: error: cannot find symbol
        SingletonExample singletonExample = SingletonExample.getInstance();
                         ^
  symbol:   variable singletonExample
  location: class Main
/home/fundalap-nh57/prograVI/design-patterns/java-example/design-patterns/singleton/Main.java:7: error: cannot find symbol
        SingletonExample singletonExample = SingletonExample.getInstance();
                                            ^
  symbol:   variable SingletonExample
  location: class Main
/home/fundalap-nh57/prograVI/design-patterns/java-example/design-patterns/singleton/Main.java:8: error: cannot find symbol
        SingletonExample singletonSecondExample = SingletonExample.getInstance();
        ^
  symbol:   class SingletonExample
  location: class Main
/home/fundalap-nh57/prograVI/design-patterns/java-example/design-patterns/singleton/Main.java:8: error: cannot find symbol
        SingletonExample singletonSecondExample = SingletonExample.getInstance();
                                                  ^
  symbol:   variable SingletonExample
  location: class Main
/home/fundalap-nh57/prograVI/design-patterns/java-example/design-patterns/singleton/Main.java:9: error: cannot find symbol
        System.out.println(singletonExample);
                           ^
  symbol:   variable singletonExample
  location: class Main
/home/fundalap-nh57/prograVI/design-patterns/java-example/design-patterns/singleton/Main.java:5: error: -> expected
        Runnable runnable1 = () > 
                               ^
/home/fundalap-nh57/prograVI/design-patterns/java-example/design-patterns/singleton/Main.java:5: error: illegal start of expression
        Runnable runnable1 = () > 
                                ^
/home/fundalap-nh57/prograVI/design-patterns/java-example/design-patterns/singleton/Main.java:7: error: ';' expected
        SingletonExample singletonExample = SingletonExample.getInstance();
                        ^
/home/fundalap-nh57/prograVI/design-patterns/java-example/design-patterns/singleton/Main.java:7: error: cannot find symbol
        SingletonExample singletonExample = SingletonExample.getInstance();
        ^
  symbol:   variable SingletonExample
  location: class Main
/home/fundalap-nh57/prograVI/design-patterns/java-example/design-patterns/singleton/Main.java:7: error: cannot find symbol
        SingletonExample singletonExample = SingletonExample.getInstance();
                         ^
  symbol:   variable singletonExample
  location: class Main
/home/fundalap-nh57/prograVI/design-patterns/java-example/design-patterns/singleton/Main.java:7: error: cannot find symbol
        SingletonExample singletonExample = SingletonExample.getInstance();
                                            ^
  symbol:   variable SingletonExample
  location: class Main
/home/fundalap-nh57/prograVI/design-patterns/java-example/design-patterns/singleton/Main.java:8: error: cannot find symbol
        SingletonExample singletonSecondExample = SingletonExample.getInstance();
        ^
  symbol:   class SingletonExample
  location: class Main
/home/fundalap-nh57/prograVI/design-patterns/java-example/design-patterns/singleton/Main.java:8: error: cannot find symbol
        SingletonExample singletonSecondExample = SingletonExample.getInstance();
                                                  ^
  symbol:   variable SingletonExample
  location: class Main
/home/fundalap-nh57/prograVI/design-patterns/java-example/design-patterns/singleton/Main.java:9: error: cannot find symbol
        System.out.println(singletonExample);
                           ^
  symbol:   variable singletonExample
  location: class Main
/home/fundalap-nh57/prograVI/design-patterns/java-example/design-patterns/singleton/Main.java:5: error: -> expected
        Runnable runnable1 = () 
                               ^
/home/fundalap-nh57/prograVI/design-patterns/java-example/design-patterns/singleton/Main.java:7: error: ';' expected
        SingletonExample singletonExample = SingletonExample.getInstance();
                        ^
/home/fundalap-nh57/prograVI/design-patterns/java-example/design-patterns/singleton/Main.java:7: error: cannot find symbol
        SingletonExample singletonExample = SingletonExample.getInstance();
        ^
  symbol:   variable SingletonExample
  location: class Main
/home/fundalap-nh57/prograVI/design-patterns/java-example/design-patterns/singleton/Main.java:7: error: cannot find symbol
        SingletonExample singletonExample = SingletonExample.getInstance();
                         ^
  symbol:   variable singletonExample
  location: class Main
/home/fundalap-nh57/prograVI/design-patterns/java-example/design-patterns/singleton/Main.java:7: error: cannot find symbol
        SingletonExample singletonExample = SingletonExample.getInstance();
                                            ^
  symbol:   variable SingletonExample
  location: class Main
/home/fundalap-nh57/prograVI/design-patterns/java-example/design-patterns/singleton/Main.java:8: error: cannot find symbol
        SingletonExample singletonSecondExample = SingletonExample.getInstance();
        ^
  symbol:   class SingletonExample
  location: class Main
/home/fundalap-nh57/prograVI/design-patterns/java-example/design-patterns/singleton/Main.java:8: error: cannot find symbol
        SingletonExample singletonSecondExample = SingletonExample.getInstance();
                                                  ^
  symbol:   variable SingletonExample
  location: class Main
/home/fundalap-nh57/prograVI/design-patterns/java-example/design-patterns/singleton/Main.java:9: error: cannot find symbol
        System.out.println(singletonExample);
                           ^
  symbol:   variable singletonExample
  location: class Main
/home/fundalap-nh57/prograVI/design-patterns/java-example/design-patterns/singleton/Main.java:5: error: -> expected
        Runnable runnable1 = () -
                               ^
/home/fundalap-nh57/prograVI/design-patterns/java-example/design-patterns/singleton/Main.java:7: error: ';' expected
        SingletonExample singletonExample = SingletonExample.getInstance();
                        ^
/home/fundalap-nh57/prograVI/design-patterns/java-example/design-patterns/singleton/Main.java:7: error: cannot find symbol
        SingletonExample singletonExample = SingletonExample.getInstance();
        ^
  symbol:   variable SingletonExample
  location: class Main
/home/fundalap-nh57/prograVI/design-patterns/java-example/design-patterns/singleton/Main.java:7: error: cannot find symbol
        SingletonExample singletonExample = SingletonExample.getInstance();
                         ^
  symbol:   variable singletonExample
  location: class Main
/home/fundalap-nh57/prograVI/design-patterns/java-example/design-patterns/singleton/Main.java:7: error: cannot find symbol
        SingletonExample singletonExample = SingletonExample.getInstance();
                                            ^
  symbol:   variable SingletonExample
  location: class Main
/home/fundalap-nh57/prograVI/design-patterns/java-example/design-patterns/singleton/Main.java:8: error: cannot find symbol
        SingletonExample singletonSecondExample = SingletonExample.getInstance();
        ^
  symbol:   class SingletonExample
  location: class Main
/home/fundalap-nh57/prograVI/design-patterns/java-example/design-patterns/singleton/Main.java:8: error: cannot find symbol
        SingletonExample singletonSecondExample = SingletonExample.getInstance();
                                                  ^
  symbol:   variable SingletonExample
  location: class Main
/home/fundalap-nh57/prograVI/design-patterns/java-example/design-patterns/singleton/Main.java:9: error: cannot find symbol
        System.out.println(singletonExample);
                           ^
  symbol:   variable singletonExample
  location: class Main
/home/fundalap-nh57/prograVI/design-patterns/java-example/design-patterns/singleton/Main.java:7: error: ';' expected
        SingletonExample singletonExample = SingletonExample.getInstance();
                        ^
/home/fundalap-nh57/prograVI/design-patterns/java-example/design-patterns/singleton/Main.java:7: error: cannot find symbol
        SingletonExample singletonExample = SingletonExample.getInstance();
        ^
  symbol:   variable SingletonExample
  location: class Main
/home/fundalap-nh57/prograVI/design-patterns/java-example/design-patterns/singleton/Main.java:7: error: cannot find symbol
        SingletonExample singletonExample = SingletonExample.getInstance();
                         ^
  symbol:   variable singletonExample
  location: class Main
/home/fundalap-nh57/prograVI/design-patterns/java-example/design-patterns/singleton/Main.java:7: error: cannot find symbol
        SingletonExample singletonExample = SingletonExample.getInstance();
                                            ^
  symbol:   variable SingletonExample
  location: class Main
/home/fundalap-nh57/prograVI/design-patterns/java-example/design-patterns/singleton/Main.java:8: error: cannot find symbol
        SingletonExample singletonSecondExample = SingletonExample.getInstance();
        ^
  symbol:   class SingletonExample
  location: class Main
/home/fundalap-nh57/prograVI/design-patterns/java-example/design-patterns/singleton/Main.java:8: error: cannot find symbol
        SingletonExample singletonSecondExample = SingletonExample.getInstance();
                                                  ^
  symbol:   variable SingletonExample
  location: class Main
/home/fundalap-nh57/prograVI/design-patterns/java-example/design-patterns/singleton/Main.java:9: error: cannot find symbol
        System.out.println(singletonExample);
                           ^
  symbol:   variable singletonExample
  location: class Main
/home/fundalap-nh57/prograVI/design-patterns/java-example/design-patterns/singleton/Main.java:7: error: ';' expected
        }
         ^
/home/fundalap-nh57/prograVI/design-patterns/java-example/design-patterns/singleton/Main.java:9: error: cannot find symbol
        SingletonExample singletonExample = SingletonExample.getInstance();
        ^
  symbol:   class SingletonExample
  location: class Main
/home/fundalap-nh57/prograVI/design-patterns/java-example/design-patterns/singleton/Main.java:9: error: cannot find symbol
        SingletonExample singletonExample = SingletonExample.getInstance();
                                            ^
  symbol:   variable SingletonExample
  location: class Main
/home/fundalap-nh57/prograVI/design-patterns/java-example/design-patterns/singleton/Main.java:10: error: cannot find symbol
        SingletonExample singletonSecondExample = SingletonExample.getInstance();
        ^
  symbol:   class SingletonExample
  location: class Main
/home/fundalap-nh57/prograVI/design-patterns/java-example/design-patterns/singleton/Main.java:10: error: cannot find symbol
        SingletonExample singletonSecondExample = SingletonExample.getInstance();
                                                  ^
  symbol:   variable SingletonExample
  location: class Main
/home/fundalap-nh57/prograVI/design-patterns/java-example/design-patterns/singleton/Main.java:7: error: ';' expected
        }
         ^
/home/fundalap-nh57/prograVI/design-patterns/java-example/design-patterns/singleton/Main.java:9: error: cannot find symbol
        SingletonExample singletonSecondExample = SingletonExample.getInstance();
        ^
  symbol:   class SingletonExample
  location: class Main
/home/fundalap-nh57/prograVI/design-patterns/java-example/design-patterns/singleton/Main.java:9: error: cannot find symbol
        SingletonExample singletonSecondExample = SingletonExample.getInstance();
                                                  ^
  symbol:   variable SingletonExample
  location: class Main
/home/fundalap-nh57/prograVI/design-patterns/java-example/design-patterns/singleton/Main.java:10: error: cannot find symbol
        System.out.println(singletonExample);
                           ^
  symbol:   variable singletonExample
  location: class Main
/home/fundalap-nh57/prograVI/design-patterns/java-example/design-patterns/singleton/Main.java:8: error: ';' expected
        }
         ^
/home/fundalap-nh57/prograVI/design-patterns/java-example/design-patterns/singleton/Main.java:6: error: cannot find symbol
            SingletonExample singletonExample = SingletonExample.getInstance();
            ^
  symbol:   class SingletonExample
  location: class Main
/home/fundalap-nh57/prograVI/design-patterns/java-example/design-patterns/singleton/Main.java:6: error: cannot find symbol
            SingletonExample singletonExample = SingletonExample.getInstance();
                                                ^
  symbol:   variable SingletonExample
  location: class Main
/home/fundalap-nh57/prograVI/design-patterns/java-example/design-patterns/singleton/Main.java:10: error: cannot find symbol
        SingletonExample singletonSecondExample = SingletonExample.getInstance();
        ^
  symbol:   class SingletonExample
  location: class Main
/home/fundalap-nh57/prograVI/design-patterns/java-example/design-patterns/singleton/Main.java:10: error: cannot find symbol
        SingletonExample singletonSecondExample = SingletonExample.getInstance();
                                                  ^
  symbol:   variable SingletonExample
  location: class Main
/home/fundalap-nh57/prograVI/design-patterns/java-example/design-patterns/singleton/Main.java:11: error: cannot find symbol
        System.out.println(singletonExample);
                           ^
  symbol:   variable singletonExample
  location: class Main
/home/fundalap-nh57/prograVI/design-patterns/java-example/design-patterns/singleton/Main.java:7: error: ';' expected
        }
         ^
/home/fundalap-nh57/prograVI/design-patterns/java-example/design-patterns/singleton/Main.java:6: error: cannot find symbol
            SingletonExample singletonExample = SingletonExample.getInstance();
            ^
  symbol:   class SingletonExample
  location: class Main
/home/fundalap-nh57/prograVI/design-patterns/java-example/design-patterns/singleton/Main.java:6: error: cannot find symbol
            SingletonExample singletonExample = SingletonExample.getInstance();
                                                ^
  symbol:   variable SingletonExample
  location: class Main
/home/fundalap-nh57/prograVI/design-patterns/java-example/design-patterns/singleton/Main.java:9: error: cannot find symbol
        SingletonExample singletonSecondExample = SingletonExample.getInstance();
        ^
  symbol:   class SingletonExample
  location: class Main
/home/fundalap-nh57/prograVI/design-patterns/java-example/design-patterns/singleton/Main.java:9: error: cannot find symbol
        SingletonExample singletonSecondExample = SingletonExample.getInstance();
                                                  ^
  symbol:   variable SingletonExample
  location: class Main
/home/fundalap-nh57/prograVI/design-patterns/java-example/design-patterns/singleton/Main.java:10: error: cannot find symbol
        System.out.println(singletonExample);
                           ^
  symbol:   variable singletonExample
  location: class Main
Aug 28, 2023 9:42:49 AM scala.meta.internal.pc.CompilerAccess handleError
SEVERE: A severe compiler error occurred, full details of the error can be found in the error report /home/fundalap-nh57/prograVI/design-patterns/.metals/.reports/metals-full/r_compiler-error_1693230169291
/home/fundalap-nh57/prograVI/design-patterns/java-example/design-patterns/singleton/Main.java:6: error: cannot find symbol
            SingletonExample singletonExample = SingletonExample.getInstance();
            ^
  symbol:   class SingletonExample
  location: class Main
/home/fundalap-nh57/prograVI/design-patterns/java-example/design-patterns/singleton/Main.java:6: error: cannot find symbol
            SingletonExample singletonExample = SingletonExample.getInstance();
                                                ^
  symbol:   variable SingletonExample
  location: class Main
/home/fundalap-nh57/prograVI/design-patterns/java-example/design-patterns/singleton/Main.java:9: error: cannot find symbol
        SingletonExample singletonSecondExample = SingletonExample.getInstance();
        ^
  symbol:   class SingletonExample
  location: class Main
/home/fundalap-nh57/prograVI/design-patterns/java-example/design-patterns/singleton/Main.java:9: error: cannot find symbol
        SingletonExample singletonSecondExample = SingletonExample.getInstance();
                                                  ^
  symbol:   variable SingletonExample
  location: class Main
/home/fundalap-nh57/prograVI/design-patterns/java-example/design-patterns/singleton/Main.java:10: error: cannot find symbol
        System.out.println(singletonExample);
                           ^
  symbol:   variable singletonExample
  location: class Main
/home/fundalap-nh57/prograVI/design-patterns/java-example/design-patterns/singleton/Main.java:6: error: cannot find symbol
            SingletonExample singletonExample = SingletonExample.getInstance();
            ^
  symbol:   class SingletonExample
  location: class Main
/home/fundalap-nh57/prograVI/design-patterns/java-example/design-patterns/singleton/Main.java:6: error: cannot find symbol
            SingletonExample singletonExample = SingletonExample.getInstance();
                                                ^
  symbol:   variable SingletonExample
  location: class Main
/home/fundalap-nh57/prograVI/design-patterns/java-example/design-patterns/singleton/Main.java:10: error: cannot find symbol
        SingletonExample singletonSecondExample = SingletonExample.getInstance();
        ^
  symbol:   class SingletonExample
  location: class Main
/home/fundalap-nh57/prograVI/design-patterns/java-example/design-patterns/singleton/Main.java:10: error: cannot find symbol
        SingletonExample singletonSecondExample = SingletonExample.getInstance();
                                                  ^
  symbol:   variable SingletonExample
  location: class Main
/home/fundalap-nh57/prograVI/design-patterns/java-example/design-patterns/singleton/Main.java:11: error: cannot find symbol
        System.out.println(singletonExample);
                           ^
  symbol:   variable singletonExample
  location: class Main
/home/fundalap-nh57/prograVI/design-patterns/java-example/design-patterns/singleton/Main.java:6: error: cannot find symbol
            SingletonExample singletonExample = SingletonExample.getInstance();
            ^
  symbol:   class SingletonExample
  location: class Main
/home/fundalap-nh57/prograVI/design-patterns/java-example/design-patterns/singleton/Main.java:6: error: cannot find symbol
            SingletonExample singletonExample = SingletonExample.getInstance();
                                                ^
  symbol:   variable SingletonExample
  location: class Main
/home/fundalap-nh57/prograVI/design-patterns/java-example/design-patterns/singleton/Main.java:9: error: variable runnable1 is already defined in method main(String[])
        Runnable runnable1 = () -> {
                 ^
/home/fundalap-nh57/prograVI/design-patterns/java-example/design-patterns/singleton/Main.java:10: error: cannot find symbol
            SingletonExample singletonExample = SingletonExample.getInstance();
            ^
  symbol:   class SingletonExample
  location: class Main
/home/fundalap-nh57/prograVI/design-patterns/java-example/design-patterns/singleton/Main.java:10: error: cannot find symbol
            SingletonExample singletonExample = SingletonExample.getInstance();
                                                ^
  symbol:   variable SingletonExample
  location: class Main
/home/fundalap-nh57/prograVI/design-patterns/java-example/design-patterns/singleton/Main.java:12: error: cannot find symbol
        SingletonExample singletonSecondExample = SingletonExample.getInstance();
        ^
  symbol:   class SingletonExample
  location: class Main
/home/fundalap-nh57/prograVI/design-patterns/java-example/design-patterns/singleton/Main.java:12: error: cannot find symbol
        SingletonExample singletonSecondExample = SingletonExample.getInstance();
                                                  ^
  symbol:   variable SingletonExample
  location: class Main
/home/fundalap-nh57/prograVI/design-patterns/java-example/design-patterns/singleton/Main.java:13: error: cannot find symbol
        System.out.println(singletonExample);
                           ^
  symbol:   variable singletonExample
  location: class Main
Aug 28, 2023 9:43:01 AM scala.meta.internal.pc.CompilerAccess handleError
SEVERE: A severe compiler error occurred, full details of the error can be found in the error report /home/fundalap-nh57/prograVI/design-patterns/.metals/.reports/metals-full/r_compiler-error_1693230181527
/home/fundalap-nh57/prograVI/design-patterns/java-example/design-patterns/singleton/Main.java:6: error: cannot find symbol
            SingletonExample singletonExample = SingletonExample.getInstance();
            ^
  symbol:   class SingletonExample
  location: class Main
/home/fundalap-nh57/prograVI/design-patterns/java-example/design-patterns/singleton/Main.java:6: error: cannot find symbol
            SingletonExample singletonExample = SingletonExample.getInstance();
                                                ^
  symbol:   variable SingletonExample
  location: class Main
/home/fundalap-nh57/prograVI/design-patterns/java-example/design-patterns/singleton/Main.java:10: error: cannot find symbol
            SingletonExample singletonExample = SingletonExample.getInstance();
            ^
  symbol:   class SingletonExample
  location: class Main
/home/fundalap-nh57/prograVI/design-patterns/java-example/design-patterns/singleton/Main.java:10: error: cannot find symbol
            SingletonExample singletonExample = SingletonExample.getInstance();
                                                ^
  symbol:   variable SingletonExample
  location: class Main
/home/fundalap-nh57/prograVI/design-patterns/java-example/design-patterns/singleton/Main.java:12: error: cannot find symbol
        SingletonExample singletonSecondExample = SingletonExample.getInstance();
        ^
  symbol:   class SingletonExample
  location: class Main
/home/fundalap-nh57/prograVI/design-patterns/java-example/design-patterns/singleton/Main.java:12: error: cannot find symbol
        SingletonExample singletonSecondExample = SingletonExample.getInstance();
                                                  ^
  symbol:   variable SingletonExample
  location: class Main
/home/fundalap-nh57/prograVI/design-patterns/java-example/design-patterns/singleton/Main.java:13: error: cannot find symbol
        System.out.println(singletonExample);
                           ^
  symbol:   variable singletonExample
  location: class Main
/home/fundalap-nh57/prograVI/design-patterns/java-example/design-patterns/singleton/Main.java:6: error: cannot find symbol
            SingletonExample singletonExample = SingletonExample.getInstance();
            ^
  symbol:   class SingletonExample
  location: class Main
/home/fundalap-nh57/prograVI/design-patterns/java-example/design-patterns/singleton/Main.java:6: error: cannot find symbol
            SingletonExample singletonExample = SingletonExample.getInstance();
                                                ^
  symbol:   variable SingletonExample
  location: class Main
/home/fundalap-nh57/prograVI/design-patterns/java-example/design-patterns/singleton/Main.java:10: error: cannot find symbol
            SingletonExample singletonExample = SingletonExample.getInstance();
            ^
  symbol:   class SingletonExample
  location: class Main
/home/fundalap-nh57/prograVI/design-patterns/java-example/design-patterns/singleton/Main.java:10: error: cannot find symbol
            SingletonExample singletonExample = SingletonExample.getInstance();
                                                ^
  symbol:   variable SingletonExample
  location: class Main
/home/fundalap-nh57/prograVI/design-patterns/java-example/design-patterns/singleton/Main.java:12: error: cannot find symbol
        System.out.println(singletonExample);
                           ^
  symbol:   variable singletonExample
  location: class Main
/home/fundalap-nh57/prograVI/design-patterns/java-example/design-patterns/singleton/Main.java:13: error: cannot find symbol
        System.out.println(singletonSecondExample);
                           ^
  symbol:   variable singletonSecondExample
  location: class Main
/home/fundalap-nh57/prograVI/design-patterns/java-example/design-patterns/singleton/Main.java:6: error: cannot find symbol
            SingletonExample singletonExample = SingletonExample.getInstance();
            ^
  symbol:   class SingletonExample
  location: class Main
/home/fundalap-nh57/prograVI/design-patterns/java-example/design-patterns/singleton/Main.java:6: error: cannot find symbol
            SingletonExample singletonExample = SingletonExample.getInstance();
                                                ^
  symbol:   variable SingletonExample
  location: class Main
/home/fundalap-nh57/prograVI/design-patterns/java-example/design-patterns/singleton/Main.java:12: error: cannot find symbol
        System.out.println(singletonExample);
                           ^
  symbol:   variable singletonExample
  location: class Main
/home/fundalap-nh57/prograVI/design-patterns/java-example/design-patterns/singleton/Main.java:13: error: cannot find symbol
        System.out.println(singletonSecondExample);
                           ^
  symbol:   variable singletonSecondExample
  location: class Main
/home/fundalap-nh57/prograVI/design-patterns/java-example/design-patterns/singleton/Main.java:6: error: cannot find symbol
            SingletonExample singletonExample = SingletonExample.getInstance();
            ^
  symbol:   class SingletonExample
  location: class Main
/home/fundalap-nh57/prograVI/design-patterns/java-example/design-patterns/singleton/Main.java:6: error: cannot find symbol
            SingletonExample singletonExample = SingletonExample.getInstance();
                                                ^
  symbol:   variable SingletonExample
  location: class Main
/home/fundalap-nh57/prograVI/design-patterns/java-example/design-patterns/singleton/Main.java:10: error: cannot find symbol
            SingletonExample singletonSecondExample = SingletonExample.getInstance();
            ^
  symbol:   class SingletonExample
  location: class Main
/home/fundalap-nh57/prograVI/design-patterns/java-example/design-patterns/singleton/Main.java:10: error: cannot find symbol
            SingletonExample singletonSecondExample = SingletonExample.getInstance();
                                                      ^
  symbol:   variable SingletonExample
  location: class Main
/home/fundalap-nh57/prograVI/design-patterns/java-example/design-patterns/singleton/Main.java:13: error: cannot find symbol
        System.out.println(singletonExample);
                           ^
  symbol:   variable singletonExample
  location: class Main
/home/fundalap-nh57/prograVI/design-patterns/java-example/design-patterns/singleton/Main.java:14: error: cannot find symbol
        System.out.println(singletonSecondExample);
                           ^
  symbol:   variable singletonSecondExample
  location: class Main
/home/fundalap-nh57/prograVI/design-patterns/java-example/design-patterns/singleton/Main.java:6: error: cannot find symbol
            SingletonExample singletonExample = SingletonExample.getInstance();
            ^
  symbol:   class SingletonExample
  location: class Main
/home/fundalap-nh57/prograVI/design-patterns/java-example/design-patterns/singleton/Main.java:6: error: cannot find symbol
            SingletonExample singletonExample = SingletonExample.getInstance();
                                                ^
  symbol:   variable SingletonExample
  location: class Main
/home/fundalap-nh57/prograVI/design-patterns/java-example/design-patterns/singleton/Main.java:10: error: cannot find symbol
            SingletonExample singletonSecondExample = SingletonExample.getInstance();
            ^
  symbol:   class SingletonExample
  location: class Main
/home/fundalap-nh57/prograVI/design-patterns/java-example/design-patterns/singleton/Main.java:10: error: cannot find symbol
            SingletonExample singletonSecondExample = SingletonExample.getInstance();
                                                      ^
  symbol:   variable SingletonExample
  location: class Main
/home/fundalap-nh57/prograVI/design-patterns/java-example/design-patterns/singleton/Main.java:12: error: cannot find symbol
        System.out.println(singletonExample);
                           ^
  symbol:   variable singletonExample
  location: class Main
/home/fundalap-nh57/prograVI/design-patterns/java-example/design-patterns/singleton/Main.java:13: error: cannot find symbol
        System.out.println(singletonSecondExample);
                           ^
  symbol:   variable singletonSecondExample
  location: class Main
/home/fundalap-nh57/prograVI/design-patterns/java-example/design-patterns/singleton/Main.java:6: error: cannot find symbol
            SingletonExample singletonExample = SingletonExample.getInstance();
            ^
  symbol:   class SingletonExample
  location: class Main
/home/fundalap-nh57/prograVI/design-patterns/java-example/design-patterns/singleton/Main.java:6: error: cannot find symbol
            SingletonExample singletonExample = SingletonExample.getInstance();
                                                ^
  symbol:   variable SingletonExample
  location: class Main
/home/fundalap-nh57/prograVI/design-patterns/java-example/design-patterns/singleton/Main.java:10: error: cannot find symbol
            SingletonExample singletonSecondExample = SingletonExample.getInstance();
            ^
  symbol:   class SingletonExample
  location: class Main
/home/fundalap-nh57/prograVI/design-patterns/java-example/design-patterns/singleton/Main.java:10: error: cannot find symbol
            SingletonExample singletonSecondExample = SingletonExample.getInstance();
                                                      ^
  symbol:   variable SingletonExample
  location: class Main
/home/fundalap-nh57/prograVI/design-patterns/java-example/design-patterns/singleton/Main.java:14: error: cannot find symbol
        System.out.println(singletonExample);
                           ^
  symbol:   variable singletonExample
  location: class Main
/home/fundalap-nh57/prograVI/design-patterns/java-example/design-patterns/singleton/Main.java:15: error: cannot find symbol
        System.out.println(singletonSecondExample);
                           ^
  symbol:   variable singletonSecondExample
  location: class Main
/home/fundalap-nh57/prograVI/design-patterns/java-example/design-patterns/singleton/Main.java:6: error: cannot find symbol
            SingletonExample singletonExample = SingletonExample.getInstance();
            ^
  symbol:   class SingletonExample
  location: class Main
/home/fundalap-nh57/prograVI/design-patterns/java-example/design-patterns/singleton/Main.java:6: error: cannot find symbol
            SingletonExample singletonExample = SingletonExample.getInstance();
                                                ^
  symbol:   variable SingletonExample
  location: class Main
/home/fundalap-nh57/prograVI/design-patterns/java-example/design-patterns/singleton/Main.java:10: error: cannot find symbol
            SingletonExample singletonSecondExample = SingletonExample.getInstance();
            ^
  symbol:   class SingletonExample
  location: class Main
/home/fundalap-nh57/prograVI/design-patterns/java-example/design-patterns/singleton/Main.java:10: error: cannot find symbol
            SingletonExample singletonSecondExample = SingletonExample.getInstance();
                                                      ^
  symbol:   variable SingletonExample
  location: class Main
/home/fundalap-nh57/prograVI/design-patterns/java-example/design-patterns/singleton/Main.java:14: error: cannot find symbol
        System.out.println(singletonExample);
                           ^
  symbol:   variable singletonExample
  location: class Main
/home/fundalap-nh57/prograVI/design-patterns/java-example/design-patterns/singleton/Main.java:15: error: cannot find symbol
        System.out.println(singletonSecondExample);
                           ^
  symbol:   variable singletonSecondExample
  location: class Main
/home/fundalap-nh57/prograVI/design-patterns/java-example/design-patterns/singleton/Main.java:6: error: cannot find symbol
            SingletonExample singletonExample = SingletonExample.getInstance();
            ^
  symbol:   class SingletonExample
  location: class Main
/home/fundalap-nh57/prograVI/design-patterns/java-example/design-patterns/singleton/Main.java:6: error: cannot find symbol
            SingletonExample singletonExample = SingletonExample.getInstance();
                                                ^
  symbol:   variable SingletonExample
  location: class Main
/home/fundalap-nh57/prograVI/design-patterns/java-example/design-patterns/singleton/Main.java:10: error: cannot find symbol
            SingletonExample singletonSecondExample = SingletonExample.getInstance();
            ^
  symbol:   class SingletonExample
  location: class Main
/home/fundalap-nh57/prograVI/design-patterns/java-example/design-patterns/singleton/Main.java:10: error: cannot find symbol
            SingletonExample singletonSecondExample = SingletonExample.getInstance();
                                                      ^
  symbol:   variable SingletonExample
  location: class Main
/home/fundalap-nh57/prograVI/design-patterns/java-example/design-patterns/singleton/Main.java:13: error: cannot find symbol
        System.out.println(singletonExample);
                           ^
  symbol:   variable singletonExample
  location: class Main
/home/fundalap-nh57/prograVI/design-patterns/java-example/design-patterns/singleton/Main.java:14: error: cannot find symbol
        System.out.println(singletonSecondExample);
                           ^
  symbol:   variable singletonSecondExample
  location: class Main
Aug 28, 2023 9:43:12 AM scala.meta.internal.pc.CompilerAccess handleError
SEVERE: A severe compiler error occurred, full details of the error can be found in the error report /home/fundalap-nh57/prograVI/design-patterns/.metals/.reports/metals-full/r_compiler-error_1693230192022
Aug 28, 2023 9:43:16 AM scala.meta.internal.pc.CompilerAccess handleError
SEVERE: A severe compiler error occurred, full details of the error can be found in the error report /home/fundalap-nh57/prograVI/design-patterns/.metals/.reports/metals-full/r_compiler-error_1693230196017
/home/fundalap-nh57/prograVI/design-patterns/java-example/design-patterns/singleton/Main.java:6: error: illegal start of expression
             = SingletonExample.getInstance();
             ^
/home/fundalap-nh57/prograVI/design-patterns/java-example/design-patterns/singleton/Main.java:6: error: cannot find symbol
             = SingletonExample.getInstance();
               ^
  symbol:   variable SingletonExample
  location: class Main
/home/fundalap-nh57/prograVI/design-patterns/java-example/design-patterns/singleton/Main.java:10: error: cannot find symbol
            SingletonExample singletonSecondExample = SingletonExample.getInstance();
            ^
  symbol:   class SingletonExample
  location: class Main
/home/fundalap-nh57/prograVI/design-patterns/java-example/design-patterns/singleton/Main.java:10: error: cannot find symbol
            SingletonExample singletonSecondExample = SingletonExample.getInstance();
                                                      ^
  symbol:   variable SingletonExample
  location: class Main
/home/fundalap-nh57/prograVI/design-patterns/java-example/design-patterns/singleton/Main.java:13: error: cannot find symbol
        System.out.println(singletonExample);
                           ^
  symbol:   variable singletonExample
  location: class Main
/home/fundalap-nh57/prograVI/design-patterns/java-example/design-patterns/singleton/Main.java:14: error: cannot find symbol
        System.out.println(singletonSecondExample);
                           ^
  symbol:   variable singletonSecondExample
  location: class Main
/home/fundalap-nh57/prograVI/design-patterns/java-example/design-patterns/singleton/Main.java:6: error: illegal start of expression
            = SingletonExample.getInstance();
            ^
/home/fundalap-nh57/prograVI/design-patterns/java-example/design-patterns/singleton/Main.java:6: error: cannot find symbol
            = SingletonExample.getInstance();
              ^
  symbol:   variable SingletonExample
  location: class Main
/home/fundalap-nh57/prograVI/design-patterns/java-example/design-patterns/singleton/Main.java:10: error: cannot find symbol
            SingletonExample singletonSecondExample = SingletonExample.getInstance();
            ^
  symbol:   class SingletonExample
  location: class Main
/home/fundalap-nh57/prograVI/design-patterns/java-example/design-patterns/singleton/Main.java:10: error: cannot find symbol
            SingletonExample singletonSecondExample = SingletonExample.getInstance();
                                                      ^
  symbol:   variable SingletonExample
  location: class Main
/home/fundalap-nh57/prograVI/design-patterns/java-example/design-patterns/singleton/Main.java:13: error: cannot find symbol
        System.out.println(singletonExample);
                           ^
  symbol:   variable singletonExample
  location: class Main
/home/fundalap-nh57/prograVI/design-patterns/java-example/design-patterns/singleton/Main.java:14: error: cannot find symbol
        System.out.println(singletonSecondExample);
                           ^
  symbol:   variable singletonSecondExample
  location: class Main
/home/fundalap-nh57/prograVI/design-patterns/java-example/design-patterns/singleton/Main.java:5: error: ';' expected
        SingletonExample singletonExample
                                         ^
/home/fundalap-nh57/prograVI/design-patterns/java-example/design-patterns/singleton/Main.java:7: error: illegal start of expression
            = SingletonExample.getInstance();
            ^
/home/fundalap-nh57/prograVI/design-patterns/java-example/design-patterns/singleton/Main.java:5: error: cannot find symbol
        SingletonExample singletonExample
        ^
  symbol:   class SingletonExample
  location: class Main
/home/fundalap-nh57/prograVI/design-patterns/java-example/design-patterns/singleton/Main.java:7: error: cannot find symbol
            = SingletonExample.getInstance();
              ^
  symbol:   variable SingletonExample
  location: class Main
/home/fundalap-nh57/prograVI/design-patterns/java-example/design-patterns/singleton/Main.java:11: error: cannot find symbol
            SingletonExample singletonSecondExample = SingletonExample.getInstance();
            ^
  symbol:   class SingletonExample
  location: class Main
/home/fundalap-nh57/prograVI/design-patterns/java-example/design-patterns/singleton/Main.java:11: error: cannot find symbol
            SingletonExample singletonSecondExample = SingletonExample.getInstance();
                                                      ^
  symbol:   variable SingletonExample
  location: class Main
/home/fundalap-nh57/prograVI/design-patterns/java-example/design-patterns/singleton/Main.java:15: error: cannot find symbol
        System.out.println(singletonSecondExample);
                           ^
  symbol:   variable singletonSecondExample
  location: class Main
/home/fundalap-nh57/prograVI/design-patterns/java-example/design-patterns/singleton/Main.java:7: error: illegal start of expression
            = SingletonExample.getInstance();
            ^
/home/fundalap-nh57/prograVI/design-patterns/java-example/design-patterns/singleton/Main.java:5: error: cannot find symbol
        SingletonExample singletonExample;
        ^
  symbol:   class SingletonExample
  location: class Main
/home/fundalap-nh57/prograVI/design-patterns/java-example/design-patterns/singleton/Main.java:7: error: cannot find symbol
            = SingletonExample.getInstance();
              ^
  symbol:   variable SingletonExample
  location: class Main
/home/fundalap-nh57/prograVI/design-patterns/java-example/design-patterns/singleton/Main.java:11: error: cannot find symbol
            SingletonExample singletonSecondExample = SingletonExample.getInstance();
            ^
  symbol:   class SingletonExample
  location: class Main
/home/fundalap-nh57/prograVI/design-patterns/java-example/design-patterns/singleton/Main.java:11: error: cannot find symbol
            SingletonExample singletonSecondExample = SingletonExample.getInstance();
                                                      ^
  symbol:   variable SingletonExample
  location: class Main
/home/fundalap-nh57/prograVI/design-patterns/java-example/design-patterns/singleton/Main.java:15: error: cannot find symbol
        System.out.println(singletonSecondExample);
                           ^
  symbol:   variable singletonSecondExample
  location: class Main
/home/fundalap-nh57/prograVI/design-patterns/java-example/design-patterns/singleton/Main.java:8: error: illegal start of expression
            = SingletonExample.getInstance();
            ^
/home/fundalap-nh57/prograVI/design-patterns/java-example/design-patterns/singleton/Main.java:5: error: cannot find symbol
        SingletonExample singletonExample;
        ^
  symbol:   class SingletonExample
  location: class Main
/home/fundalap-nh57/prograVI/design-patterns/java-example/design-patterns/singleton/Main.java:8: error: cannot find symbol
            = SingletonExample.getInstance();
              ^
  symbol:   variable SingletonExample
  location: class Main
/home/fundalap-nh57/prograVI/design-patterns/java-example/design-patterns/singleton/Main.java:12: error: cannot find symbol
            SingletonExample singletonSecondExample = SingletonExample.getInstance();
            ^
  symbol:   class SingletonExample
  location: class Main
/home/fundalap-nh57/prograVI/design-patterns/java-example/design-patterns/singleton/Main.java:12: error: cannot find symbol
            SingletonExample singletonSecondExample = SingletonExample.getInstance();
                                                      ^
  symbol:   variable SingletonExample
  location: class Main
/home/fundalap-nh57/prograVI/design-patterns/java-example/design-patterns/singleton/Main.java:16: error: cannot find symbol
        System.out.println(singletonSecondExample);
                           ^
  symbol:   variable singletonSecondExample
  location: class Main
Aug 28, 2023 9:43:28 AM scala.meta.internal.pc.CompilerAccess handleError
SEVERE: A severe compiler error occurred, full details of the error can be found in the error report /home/fundalap-nh57/prograVI/design-patterns/.metals/.reports/metals-full/r_compiler-error_1693230208103
/home/fundalap-nh57/prograVI/design-patterns/java-example/design-patterns/singleton/Main.java:5: error: cannot find symbol
        SingletonExample singletonExample;
        ^
  symbol:   class SingletonExample
  location: class Main
/home/fundalap-nh57/prograVI/design-patterns/java-example/design-patterns/singleton/Main.java:8: error: cannot find symbol
           sing = SingletonExample.getInstance();
           ^
  symbol:   variable sing
  location: class Main
/home/fundalap-nh57/prograVI/design-patterns/java-example/design-patterns/singleton/Main.java:8: error: cannot find symbol
           sing = SingletonExample.getInstance();
                  ^
  symbol:   variable SingletonExample
  location: class Main
/home/fundalap-nh57/prograVI/design-patterns/java-example/design-patterns/singleton/Main.java:12: error: cannot find symbol
            SingletonExample singletonSecondExample = SingletonExample.getInstance();
            ^
  symbol:   class SingletonExample
  location: class Main
/home/fundalap-nh57/prograVI/design-patterns/java-example/design-patterns/singleton/Main.java:12: error: cannot find symbol
            SingletonExample singletonSecondExample = SingletonExample.getInstance();
                                                      ^
  symbol:   variable SingletonExample
  location: class Main
/home/fundalap-nh57/prograVI/design-patterns/java-example/design-patterns/singleton/Main.java:16: error: cannot find symbol
        System.out.println(singletonSecondExample);
                           ^
  symbol:   variable singletonSecondExample
  location: class Main
Aug 28, 2023 9:43:29 AM scala.meta.internal.pc.CompilerAccess handleError
SEVERE: A severe compiler error occurred, full details of the error can be found in the error report /home/fundalap-nh57/prograVI/design-patterns/.metals/.reports/metals-full/r_compiler-error_1693230209174
/home/fundalap-nh57/prograVI/design-patterns/java-example/design-patterns/singleton/Main.java:5: error: cannot find symbol
        SingletonExample singletonExample;
        ^
  symbol:   class SingletonExample
  location: class Main
/home/fundalap-nh57/prograVI/design-patterns/java-example/design-patterns/singleton/Main.java:8: error: cannot find symbol
           singletonExample = SingletonExample.getInstance();
                              ^
  symbol:   variable SingletonExample
  location: class Main
/home/fundalap-nh57/prograVI/design-patterns/java-example/design-patterns/singleton/Main.java:12: error: cannot find symbol
            SingletonExample singletonSecondExample = SingletonExample.getInstance();
            ^
  symbol:   class SingletonExample
  location: class Main
/home/fundalap-nh57/prograVI/design-patterns/java-example/design-patterns/singleton/Main.java:12: error: cannot find symbol
            SingletonExample singletonSecondExample = SingletonExample.getInstance();
                                                      ^
  symbol:   variable SingletonExample
  location: class Main
/home/fundalap-nh57/prograVI/design-patterns/java-example/design-patterns/singleton/Main.java:16: error: cannot find symbol
        System.out.println(singletonSecondExample);
                           ^
  symbol:   variable singletonSecondExample
  location: class Main
/home/fundalap-nh57/prograVI/design-patterns/java-example/design-patterns/singleton/Main.java:5: error: cannot find symbol
        SingletonExample singletonExample;
        ^
  symbol:   class SingletonExample
  location: class Main
/home/fundalap-nh57/prograVI/design-patterns/java-example/design-patterns/singleton/Main.java:8: error: cannot find symbol
           singletonExample = SingletonExample.getInstance();
           ^
  symbol:   variable singletonExample
  location: class Main
/home/fundalap-nh57/prograVI/design-patterns/java-example/design-patterns/singleton/Main.java:8: error: cannot find symbol
           singletonExample = SingletonExample.getInstance();
                               ^
  symbol:   variable SingletonExample
  location: class Main
/home/fundalap-nh57/prograVI/design-patterns/java-example/design-patterns/singleton/Main.java:12: error: cannot find symbol
            SingletonExample singletonSecondExample = SingletonExample.getInstance();
            ^
  symbol:   class SingletonExample
  location: class Main
/home/fundalap-nh57/prograVI/design-patterns/java-example/design-patterns/singleton/Main.java:12: error: cannot find symbol
            SingletonExample singletonSecondExample = SingletonExample.getInstance();
                                                      ^
  symbol:   variable SingletonExample
  location: class Main
/home/fundalap-nh57/prograVI/design-patterns/java-example/design-patterns/singleton/Main.java:16: error: cannot find symbol
        System.out.println(singletonSecondExample);
                           ^
  symbol:   variable singletonSecondExample
  location: class Main
/home/fundalap-nh57/prograVI/design-patterns/java-example/design-patterns/singleton/Main.java:5: error: cannot find symbol
        SingletonExample singletonExample;
        ^
  symbol:   class SingletonExample
  location: class Main
/home/fundalap-nh57/prograVI/design-patterns/java-example/design-patterns/singleton/Main.java:8: error: cannot find symbol
           singletonExample = SingletonExample.getInstance();
           ^
  symbol:   variable singletonExample
  location: class Main
/home/fundalap-nh57/prograVI/design-patterns/java-example/design-patterns/singleton/Main.java:8: error: cannot find symbol
           singletonExample = SingletonExample.getInstance();
                               ^
  symbol:   variable SingletonExample
  location: class Main
/home/fundalap-nh57/prograVI/design-patterns/java-example/design-patterns/singleton/Main.java:12: error: cannot find symbol
            SingletonExample singletonSecondExample = SingletonExample.getInstance();
            ^
  symbol:   class SingletonExample
  location: class Main
/home/fundalap-nh57/prograVI/design-patterns/java-example/design-patterns/singleton/Main.java:12: error: cannot find symbol
            SingletonExample singletonSecondExample = SingletonExample.getInstance();
                                                      ^
  symbol:   variable SingletonExample
  location: class Main
/home/fundalap-nh57/prograVI/design-patterns/java-example/design-patterns/singleton/Main.java:16: error: cannot find symbol
        System.out.println(singletonSecondExample);
                           ^
  symbol:   variable singletonSecondExample
  location: class Main
/home/fundalap-nh57/prograVI/design-patterns/java-example/design-patterns/singleton/Main.java:5: error: cannot find symbol
        SingletonExample singletonExample;
        ^
  symbol:   class SingletonExample
  location: class Main
/home/fundalap-nh57/prograVI/design-patterns/java-example/design-patterns/singleton/Main.java:8: error: cannot find symbol
            singletonExample = SingletonExample.getInstance();
                               ^
  symbol:   variable SingletonExample
  location: class Main
/home/fundalap-nh57/prograVI/design-patterns/java-example/design-patterns/singleton/Main.java:12: error: cannot find symbol
            SingletonExample singletonSecondExample = SingletonExample.getInstance();
            ^
  symbol:   class SingletonExample
  location: class Main
/home/fundalap-nh57/prograVI/design-patterns/java-example/design-patterns/singleton/Main.java:12: error: cannot find symbol
            SingletonExample singletonSecondExample = SingletonExample.getInstance();
                                                      ^
  symbol:   variable SingletonExample
  location: class Main
/home/fundalap-nh57/prograVI/design-patterns/java-example/design-patterns/singleton/Main.java:16: error: cannot find symbol
        System.out.println(singletonSecondExample);
                           ^
  symbol:   variable singletonSecondExample
  location: class Main
Aug 28, 2023 9:43:35 AM scala.meta.internal.pc.CompilerAccess handleError
SEVERE: A severe compiler error occurred, full details of the error can be found in the error report /home/fundalap-nh57/prograVI/design-patterns/.metals/.reports/metals-full/r_compiler-error_1693230215689
/home/fundalap-nh57/prograVI/design-patterns/java-example/design-patterns/singleton/Main.java:6: error: ';' expected
        SingletonExample singletonSecondExample
                                               ^
/home/fundalap-nh57/prograVI/design-patterns/java-example/design-patterns/singleton/Main.java:5: error: cannot find symbol
        SingletonExample singletonExample;
        ^
  symbol:   class SingletonExample
  location: class Main
/home/fundalap-nh57/prograVI/design-patterns/java-example/design-patterns/singleton/Main.java:6: error: cannot find symbol
        SingletonExample singletonSecondExample
        ^
  symbol:   class SingletonExample
  location: class Main
/home/fundalap-nh57/prograVI/design-patterns/java-example/design-patterns/singleton/Main.java:9: error: cannot find symbol
            singletonExample = SingletonExample.getInstance();
                               ^
  symbol:   variable SingletonExample
  location: class Main
/home/fundalap-nh57/prograVI/design-patterns/java-example/design-patterns/singleton/Main.java:13: error: cannot find symbol
            SingletonExample singletonSecondExample = SingletonExample.getInstance();
            ^
  symbol:   class SingletonExample
  location: class Main
/home/fundalap-nh57/prograVI/design-patterns/java-example/design-patterns/singleton/Main.java:13: error: cannot find symbol
            SingletonExample singletonSecondExample = SingletonExample.getInstance();
                                                      ^
  symbol:   variable SingletonExample
  location: class Main
/home/fundalap-nh57/prograVI/design-patterns/java-example/design-patterns/singleton/Main.java:5: error: cannot find symbol
        SingletonExample singletonExample;
        ^
  symbol:   class SingletonExample
  location: class Main
/home/fundalap-nh57/prograVI/design-patterns/java-example/design-patterns/singleton/Main.java:6: error: cannot find symbol
        SingletonExample singletonSecondExample;
        ^
  symbol:   class SingletonExample
  location: class Main
/home/fundalap-nh57/prograVI/design-patterns/java-example/design-patterns/singleton/Main.java:9: error: cannot find symbol
            singletonExample = SingletonExample.getInstance();
                               ^
  symbol:   variable SingletonExample
  location: class Main
/home/fundalap-nh57/prograVI/design-patterns/java-example/design-patterns/singleton/Main.java:13: error: cannot find symbol
            SingletonExample singletonSecondExample = SingletonExample.getInstance();
            ^
  symbol:   class SingletonExample
  location: class Main
/home/fundalap-nh57/prograVI/design-patterns/java-example/design-patterns/singleton/Main.java:13: error: cannot find symbol
            SingletonExample singletonSecondExample = SingletonExample.getInstance();
                                                      ^
  symbol:   variable SingletonExample
  location: class Main
/home/fundalap-nh57/prograVI/design-patterns/java-example/design-patterns/singleton/Main.java:5: error: cannot find symbol
        SingletonExample singletonExample;
        ^
  symbol:   class SingletonExample
  location: class Main
/home/fundalap-nh57/prograVI/design-patterns/java-example/design-patterns/singleton/Main.java:6: error: cannot find symbol
        SingletonExample singletonSecondExample;
        ^
  symbol:   class SingletonExample
  location: class Main
/home/fundalap-nh57/prograVI/design-patterns/java-example/design-patterns/singleton/Main.java:9: error: cannot find symbol
            singletonExample = SingletonExample.getInstance();
                               ^
  symbol:   variable SingletonExample
  location: class Main
/home/fundalap-nh57/prograVI/design-patterns/java-example/design-patterns/singleton/Main.java:13: error: cannot find symbol
             singletonSecondExample = SingletonExample.getInstance();
                                      ^
  symbol:   variable SingletonExample
  location: class Main
/home/fundalap-nh57/prograVI/design-patterns/java-example/design-patterns/singleton/Main.java:5: error: cannot find symbol
        SingletonExample singletonExample;
        ^
  symbol:   class SingletonExample
  location: class Main
/home/fundalap-nh57/prograVI/design-patterns/java-example/design-patterns/singleton/Main.java:6: error: cannot find symbol
        SingletonExample singletonSecondExample;
        ^
  symbol:   class SingletonExample
  location: class Main
/home/fundalap-nh57/prograVI/design-patterns/java-example/design-patterns/singleton/Main.java:9: error: cannot find symbol
            singletonExample = SingletonExample.getInstance();
                               ^
  symbol:   variable SingletonExample
  location: class Main
/home/fundalap-nh57/prograVI/design-patterns/java-example/design-patterns/singleton/Main.java:13: error: cannot find symbol
            singletonSecondExample = SingletonExample.getInstance();
                                     ^
  symbol:   variable SingletonExample
  location: class Main
Aug 28, 2023 9:43:47 AM scala.meta.internal.pc.CompilerAccess handleError
SEVERE: A severe compiler error occurred, full details of the error can be found in the error report /home/fundalap-nh57/prograVI/design-patterns/.metals/.reports/metals-full/r_compiler-error_1693230227808
Aug 28, 2023 9:43:47 AM scala.meta.internal.pc.CompilerAccess handleError
SEVERE: A severe compiler error occurred, full details of the error can be found in the error report /home/fundalap-nh57/prograVI/design-patterns/.metals/.reports/metals-full/r_compiler-error_1693230227952
Aug 28, 2023 9:43:49 AM scala.meta.internal.pc.CompilerAccess handleError
SEVERE: A severe compiler error occurred, full details of the error can be found in the error report /home/fundalap-nh57/prograVI/design-patterns/.metals/.reports/metals-full/r_compiler-error_1693230229918
Aug 28, 2023 9:43:52 AM scala.meta.internal.pc.CompilerAccess handleError
SEVERE: A severe compiler error occurred, full details of the error can be found in the error report /home/fundalap-nh57/prograVI/design-patterns/.metals/.reports/metals-full/r_compiler-error_1693230232615
Aug 28, 2023 9:43:55 AM scala.meta.internal.pc.CompilerAccess handleError
SEVERE: A severe compiler error occurred, full details of the error can be found in the error report /home/fundalap-nh57/prograVI/design-patterns/.metals/.reports/metals-full/r_compiler-error_1693230235486
Aug 28, 2023 9:43:56 AM scala.meta.internal.pc.CompilerAccess handleError
SEVERE: A severe compiler error occurred, full details of the error can be found in the error report /home/fundalap-nh57/prograVI/design-patterns/.metals/.reports/metals-full/r_compiler-error_1693230236443
Aug 28, 2023 9:44:16 AM scala.meta.internal.pc.CompilerAccess handleError
SEVERE: A severe compiler error occurred, full details of the error can be found in the error report /home/fundalap-nh57/prograVI/design-patterns/.metals/.reports/metals-full/r_compiler-error_1693230256638
Aug 28, 2023 9:44:17 AM scala.meta.internal.pc.CompilerAccess handleError
SEVERE: A severe compiler error occurred, full details of the error can be found in the error report /home/fundalap-nh57/prograVI/design-patterns/.metals/.reports/metals-full/r_compiler-error_1693230257541
Aug 28, 2023 9:44:20 AM scala.meta.internal.pc.CompilerAccess handleError
SEVERE: A severe compiler error occurred, full details of the error can be found in the error report /home/fundalap-nh57/prograVI/design-patterns/.metals/.reports/metals-full/r_compiler-error_1693230260564
/home/fundalap-nh57/prograVI/design-patterns/java-example/design-patterns/singleton/Main.java:5: error: cannot find symbol
        finalSingletonExample singletonExample;
        ^
  symbol:   class finalSingletonExample
  location: class Main
/home/fundalap-nh57/prograVI/design-patterns/java-example/design-patterns/singleton/Main.java:6: error: cannot find symbol
        SingletonExample singletonSecondExample;
        ^
  symbol:   class SingletonExample
  location: class Main
/home/fundalap-nh57/prograVI/design-patterns/java-example/design-patterns/singleton/Main.java:9: error: cannot find symbol
            singletonExample = SingletonExample.getInstance();
                               ^
  symbol:   variable SingletonExample
  location: class Main
/home/fundalap-nh57/prograVI/design-patterns/java-example/design-patterns/singleton/Main.java:13: error: cannot find symbol
            singletonSecondExample = SingletonExample.getInstance();
                                     ^
  symbol:   variable SingletonExample
  location: class Main
/home/fundalap-nh57/prograVI/design-patterns/java-example/design-patterns/singleton/Main.java:5: error: cannot find symbol
        SingletonExample singletonExample;
        ^
  symbol:   class SingletonExample
  location: class Main
/home/fundalap-nh57/prograVI/design-patterns/java-example/design-patterns/singleton/Main.java:6: error: cannot find symbol
        SingletonExample singletonSecondExample;
        ^
  symbol:   class SingletonExample
  location: class Main
/home/fundalap-nh57/prograVI/design-patterns/java-example/design-patterns/singleton/Main.java:9: error: cannot find symbol
            singletonExample = SingletonExample.getInstance();
                               ^
  symbol:   variable SingletonExample
  location: class Main
/home/fundalap-nh57/prograVI/design-patterns/java-example/design-patterns/singleton/Main.java:13: error: cannot find symbol
            singletonSecondExample = SingletonExample.getInstance();
                                     ^
  symbol:   variable SingletonExample
  location: class Main
Aug 28, 2023 9:44:24 AM scala.meta.internal.pc.CompilerAccess handleError
SEVERE: A severe compiler error occurred, full details of the error can be found in the error report /home/fundalap-nh57/prograVI/design-patterns/.metals/.reports/metals-full/r_compiler-error_1693230264932
/home/fundalap-nh57/prograVI/design-patterns/java-example/design-patterns/singleton/Main.java:5: error: not a statement
        SingletonExample final singletonExample;
        ^
/home/fundalap-nh57/prograVI/design-patterns/java-example/design-patterns/singleton/Main.java:5: error: ';' expected
        SingletonExample final singletonExample;
                        ^
/home/fundalap-nh57/prograVI/design-patterns/java-example/design-patterns/singleton/Main.java:5: error: <identifier> expected
        SingletonExample final singletonExample;
                                               ^
/home/fundalap-nh57/prograVI/design-patterns/java-example/design-patterns/singleton/Main.java:5: error: cannot find symbol
        SingletonExample final singletonExample;
                               ^
  symbol:   class singletonExample
  location: class Main
/home/fundalap-nh57/prograVI/design-patterns/java-example/design-patterns/singleton/Main.java:6: error: cannot find symbol
        SingletonExample singletonSecondExample;
        ^
  symbol:   class SingletonExample
  location: class Main
/home/fundalap-nh57/prograVI/design-patterns/java-example/design-patterns/singleton/Main.java:9: error: cannot find symbol
            singletonExample = SingletonExample.getInstance();
            ^
  symbol:   variable singletonExample
  location: class Main
/home/fundalap-nh57/prograVI/design-patterns/java-example/design-patterns/singleton/Main.java:9: error: cannot find symbol
            singletonExample = SingletonExample.getInstance();
                               ^
  symbol:   variable SingletonExample
  location: class Main
/home/fundalap-nh57/prograVI/design-patterns/java-example/design-patterns/singleton/Main.java:13: error: cannot find symbol
            singletonSecondExample = SingletonExample.getInstance();
                                     ^
  symbol:   variable SingletonExample
  location: class Main
/home/fundalap-nh57/prograVI/design-patterns/java-example/design-patterns/singleton/Main.java:16: error: cannot find symbol
        System.out.println(singletonExample);
                           ^
  symbol:   variable singletonExample
  location: class Main
/home/fundalap-nh57/prograVI/design-patterns/java-example/design-patterns/singleton/Main.java:5: error: cannot find symbol
        SingletonExample singletonExample;
        ^
  symbol:   class SingletonExample
  location: class Main
/home/fundalap-nh57/prograVI/design-patterns/java-example/design-patterns/singleton/Main.java:6: error: cannot find symbol
        SingletonExample singletonSecondExample;
        ^
  symbol:   class SingletonExample
  location: class Main
/home/fundalap-nh57/prograVI/design-patterns/java-example/design-patterns/singleton/Main.java:9: error: cannot find symbol
            singletonExample = SingletonExample.getInstance();
                               ^
  symbol:   variable SingletonExample
  location: class Main
/home/fundalap-nh57/prograVI/design-patterns/java-example/design-patterns/singleton/Main.java:13: error: cannot find symbol
            singletonSecondExample = SingletonExample.getInstance();
                                     ^
  symbol:   variable SingletonExample
  location: class Main
Aug 28, 2023 9:44:29 AM scala.meta.internal.pc.CompilerAccess handleError
SEVERE: A severe compiler error occurred, full details of the error can be found in the error report /home/fundalap-nh57/prograVI/design-patterns/.metals/.reports/metals-full/r_compiler-error_1693230269424
/home/fundalap-nh57/prograVI/design-patterns/java-example/design-patterns/singleton/Main.java:5: error: cannot find symbol
        finalSingletonExample singletonExample;
        ^
  symbol:   class finalSingletonExample
  location: class Main
/home/fundalap-nh57/prograVI/design-patterns/java-example/design-patterns/singleton/Main.java:6: error: cannot find symbol
        SingletonExample singletonSecondExample;
        ^
  symbol:   class SingletonExample
  location: class Main
/home/fundalap-nh57/prograVI/design-patterns/java-example/design-patterns/singleton/Main.java:9: error: cannot find symbol
            singletonExample = SingletonExample.getInstance();
                               ^
  symbol:   variable SingletonExample
  location: class Main
/home/fundalap-nh57/prograVI/design-patterns/java-example/design-patterns/singleton/Main.java:13: error: cannot find symbol
            singletonSecondExample = SingletonExample.getInstance();
                                     ^
  symbol:   variable SingletonExample
  location: class Main
/home/fundalap-nh57/prograVI/design-patterns/java-example/design-patterns/singleton/Main.java:5: error: cannot find symbol
        final SingletonExample singletonExample;
              ^
  symbol:   class SingletonExample
  location: class Main
/home/fundalap-nh57/prograVI/design-patterns/java-example/design-patterns/singleton/Main.java:6: error: cannot find symbol
        SingletonExample singletonSecondExample;
        ^
  symbol:   class SingletonExample
  location: class Main
/home/fundalap-nh57/prograVI/design-patterns/java-example/design-patterns/singleton/Main.java:9: error: cannot find symbol
            singletonExample = SingletonExample.getInstance();
                               ^
  symbol:   variable SingletonExample
  location: class Main
/home/fundalap-nh57/prograVI/design-patterns/java-example/design-patterns/singleton/Main.java:13: error: cannot find symbol
            singletonSecondExample = SingletonExample.getInstance();
                                     ^
  symbol:   variable SingletonExample
  location: class Main
Aug 28, 2023 9:45:08 AM scala.meta.internal.pc.CompilerAccess handleError
SEVERE: A severe compiler error occurred, full details of the error can be found in the error report /home/fundalap-nh57/prograVI/design-patterns/.metals/.reports/metals-full/r_compiler-error_1693230308593
Aug 28, 2023 9:45:08 AM scala.meta.internal.pc.CompilerAccess handleError
SEVERE: A severe compiler error occurred, full details of the error can be found in the error report /home/fundalap-nh57/prograVI/design-patterns/.metals/.reports/metals-full/r_compiler-error_1693230308879
Aug 28, 2023 9:45:09 AM scala.meta.internal.pc.CompilerAccess handleError
SEVERE: A severe compiler error occurred, full details of the error can be found in the error report /home/fundalap-nh57/prograVI/design-patterns/.metals/.reports/metals-full/r_compiler-error_1693230309209
Aug 28, 2023 9:45:09 AM scala.meta.internal.pc.CompilerAccess handleError
SEVERE: A severe compiler error occurred, full details of the error can be found in the error report /home/fundalap-nh57/prograVI/design-patterns/.metals/.reports/metals-full/r_compiler-error_1693230309378
Aug 28, 2023 9:45:10 AM scala.meta.internal.pc.CompilerAccess handleError
SEVERE: A severe compiler error occurred, full details of the error can be found in the error report /home/fundalap-nh57/prograVI/design-patterns/.metals/.reports/metals-full/r_compiler-error_1693230310040
Aug 28, 2023 9:45:10 AM scala.meta.internal.pc.CompilerAccess handleError
SEVERE: A severe compiler error occurred, full details of the error can be found in the error report /home/fundalap-nh57/prograVI/design-patterns/.metals/.reports/metals-full/r_compiler-error_1693230310462
/home/fundalap-nh57/prograVI/design-patterns/java-example/design-patterns/singleton/Main.java:5: error: cannot find symbol
         SingletonExample singletonExample;
         ^
  symbol:   class SingletonExample
  location: class Main
/home/fundalap-nh57/prograVI/design-patterns/java-example/design-patterns/singleton/Main.java:6: error: cannot find symbol
        SingletonExample singletonSecondExample;
        ^
  symbol:   class SingletonExample
  location: class Main
/home/fundalap-nh57/prograVI/design-patterns/java-example/design-patterns/singleton/Main.java:9: error: cannot find symbol
            singletonExample = SingletonExample.getInstance();
                               ^
  symbol:   variable SingletonExample
  location: class Main
/home/fundalap-nh57/prograVI/design-patterns/java-example/design-patterns/singleton/Main.java:13: error: cannot find symbol
            singletonSecondExample = SingletonExample.getInstance();
                                     ^
  symbol:   variable SingletonExample
  location: class Main
/home/fundalap-nh57/prograVI/design-patterns/java-example/design-patterns/singleton/Main.java:5: error: cannot find symbol
        ingletonExample singletonExample;
        ^
  symbol:   class ingletonExample
  location: class Main
/home/fundalap-nh57/prograVI/design-patterns/java-example/design-patterns/singleton/Main.java:6: error: cannot find symbol
        SingletonExample singletonSecondExample;
        ^
  symbol:   class SingletonExample
  location: class Main
/home/fundalap-nh57/prograVI/design-patterns/java-example/design-patterns/singleton/Main.java:9: error: cannot find symbol
            singletonExample = SingletonExample.getInstance();
                               ^
  symbol:   variable SingletonExample
  location: class Main
/home/fundalap-nh57/prograVI/design-patterns/java-example/design-patterns/singleton/Main.java:13: error: cannot find symbol
            singletonSecondExample = SingletonExample.getInstance();
                                     ^
  symbol:   variable SingletonExample
  location: class Main
/home/fundalap-nh57/prograVI/design-patterns/java-example/design-patterns/singleton/Main.java:5: error: cannot find symbol
        SingletonExample singletonExample;
        ^
  symbol:   class SingletonExample
  location: class Main
/home/fundalap-nh57/prograVI/design-patterns/java-example/design-patterns/singleton/Main.java:6: error: cannot find symbol
        SingletonExample singletonSecondExample;
        ^
  symbol:   class SingletonExample
  location: class Main
/home/fundalap-nh57/prograVI/design-patterns/java-example/design-patterns/singleton/Main.java:9: error: cannot find symbol
            singletonExample = SingletonExample.getInstance();
                               ^
  symbol:   variable SingletonExample
  location: class Main
/home/fundalap-nh57/prograVI/design-patterns/java-example/design-patterns/singleton/Main.java:13: error: cannot find symbol
            singletonSecondExample = SingletonExample.getInstance();
                                     ^
  symbol:   variable SingletonExample
  location: class Main
Aug 28, 2023 9:45:14 AM scala.meta.internal.pc.CompilerAccess handleError
SEVERE: A severe compiler error occurred, full details of the error can be found in the error report /home/fundalap-nh57/prograVI/design-patterns/.metals/.reports/metals-full/r_compiler-error_1693230314647
Aug 28, 2023 9:45:21 AM scala.meta.internal.pc.CompilerAccess handleError
SEVERE: A severe compiler error occurred, full details of the error can be found in the error report /home/fundalap-nh57/prograVI/design-patterns/.metals/.reports/metals-full/r_compiler-error_1693230321708
Aug 28, 2023 9:45:24 AM scala.meta.internal.pc.CompilerAccess handleError
SEVERE: A severe compiler error occurred, full details of the error can be found in the error report /home/fundalap-nh57/prograVI/design-patterns/.metals/.reports/metals-full/r_compiler-error_1693230324587
Aug 28, 2023 9:45:25 AM scala.meta.internal.pc.CompilerAccess handleError
SEVERE: A severe compiler error occurred, full details of the error can be found in the error report /home/fundalap-nh57/prograVI/design-patterns/.metals/.reports/metals-full/r_compiler-error_1693230325081
Aug 28, 2023 9:45:25 AM scala.meta.internal.pc.CompilerAccess handleError
SEVERE: A severe compiler error occurred, full details of the error can be found in the error report /home/fundalap-nh57/prograVI/design-patterns/.metals/.reports/metals-full/r_compiler-error_1693230325304
Aug 28, 2023 9:45:27 AM scala.meta.internal.pc.CompilerAccess handleError
SEVERE: A severe compiler error occurred, full details of the error can be found in the error report /home/fundalap-nh57/prograVI/design-patterns/.metals/.reports/metals-full/r_compiler-error_1693230327191
Aug 28, 2023 9:45:28 AM scala.meta.internal.pc.CompilerAccess handleError
SEVERE: A severe compiler error occurred, full details of the error can be found in the error report /home/fundalap-nh57/prograVI/design-patterns/.metals/.reports/metals-full/r_compiler-error_1693230328507
Aug 28, 2023 9:45:29 AM scala.meta.internal.pc.CompilerAccess handleError
SEVERE: A severe compiler error occurred, full details of the error can be found in the error report /home/fundalap-nh57/prograVI/design-patterns/.metals/.reports/metals-full/r_compiler-error_1693230329589
Aug 28, 2023 9:45:31 AM scala.meta.internal.pc.CompilerAccess handleError
SEVERE: A severe compiler error occurred, full details of the error can be found in the error report /home/fundalap-nh57/prograVI/design-patterns/.metals/.reports/metals-full/r_compiler-error_1693230331088
Aug 28, 2023 9:45:33 AM scala.meta.internal.pc.CompilerAccess handleError
SEVERE: A severe compiler error occurred, full details of the error can be found in the error report /home/fundalap-nh57/prograVI/design-patterns/.metals/.reports/metals-full/r_compiler-error_1693230333643
Aug 28, 2023 9:45:34 AM scala.meta.internal.pc.CompilerAccess handleError
SEVERE: A severe compiler error occurred, full details of the error can be found in the error report /home/fundalap-nh57/prograVI/design-patterns/.metals/.reports/metals-full/r_compiler-error_1693230334521
Aug 28, 2023 9:45:35 AM scala.meta.internal.pc.CompilerAccess handleError
SEVERE: A severe compiler error occurred, full details of the error can be found in the error report /home/fundalap-nh57/prograVI/design-patterns/.metals/.reports/metals-full/r_compiler-error_1693230335776
Aug 28, 2023 9:45:36 AM scala.meta.internal.pc.CompilerAccess handleError
SEVERE: A severe compiler error occurred, full details of the error can be found in the error report /home/fundalap-nh57/prograVI/design-patterns/.metals/.reports/metals-full/r_compiler-error_1693230336042
Aug 28, 2023 9:46:09 AM scala.meta.internal.pc.CompilerAccess handleError
SEVERE: A severe compiler error occurred, full details of the error can be found in the error report /home/fundalap-nh57/prograVI/design-patterns/.metals/.reports/metals-full/r_compiler-error_1693230369644
Aug 28, 2023 9:46:41 AM scala.meta.internal.pc.CompilerAccess handleError
SEVERE: A severe compiler error occurred, full details of the error can be found in the error report /home/fundalap-nh57/prograVI/design-patterns/.metals/.reports/metals-full/r_compiler-error_1693230401232
Aug 28, 2023 9:46:44 AM scala.meta.internal.pc.CompilerAccess handleError
SEVERE: A severe compiler error occurred, full details of the error can be found in the error report /home/fundalap-nh57/prograVI/design-patterns/.metals/.reports/metals-full/r_compiler-error_1693230404269
Aug 28, 2023 9:46:47 AM scala.meta.internal.pc.CompilerAccess handleError
SEVERE: A severe compiler error occurred, full details of the error can be found in the error report /home/fundalap-nh57/prograVI/design-patterns/.metals/.reports/metals-full/r_compiler-error_1693230407853
Aug 28, 2023 9:46:48 AM scala.meta.internal.pc.CompilerAccess handleError
SEVERE: A severe compiler error occurred, full details of the error can be found in the error report /home/fundalap-nh57/prograVI/design-patterns/.metals/.reports/metals-full/r_compiler-error_1693230408357
Aug 28, 2023 9:46:48 AM scala.meta.internal.pc.CompilerAccess handleError
SEVERE: A severe compiler error occurred, full details of the error can be found in the error report /home/fundalap-nh57/prograVI/design-patterns/.metals/.reports/metals-full/r_compiler-error_1693230408925
Aug 28, 2023 9:49:01 AM scala.meta.internal.pc.CompilerAccess handleError
SEVERE: A severe compiler error occurred, full details of the error can be found in the error report /home/fundalap-nh57/prograVI/design-patterns/.metals/.reports/metals-full/r_compiler-error_1693230541560
/home/fundalap-nh57/prograVI/design-patterns/java-example/design-patterns/singleton/Main.java:5: error: cannot find symbol
        final SingletonExample singletonExample;
              ^
  symbol:   class SingletonExample
  location: class Main
/home/fundalap-nh57/prograVI/design-patterns/java-example/design-patterns/singleton/Main.java:6: error: cannot find symbol
        SingletonExample singletonSecondExample;
        ^
  symbol:   class SingletonExample
  location: class Main
/home/fundalap-nh57/prograVI/design-patterns/java-example/design-patterns/singleton/Main.java:9: error: cannot find symbol
            singletonExample = SingletonExample.getInstance();
                               ^
  symbol:   variable SingletonExample
  location: class Main
/home/fundalap-nh57/prograVI/design-patterns/java-example/design-patterns/singleton/Main.java:13: error: cannot find symbol
            singletonSecondExample = SingletonExample.getInstance();
                                     ^
  symbol:   variable SingletonExample
  location: class Main
/home/fundalap-nh57/prograVI/design-patterns/java-example/design-patterns/singleton/Main.java:5: error: cannot find symbol
        SingletonExample singletonExample;
        ^
  symbol:   class SingletonExample
  location: class Main
/home/fundalap-nh57/prograVI/design-patterns/java-example/design-patterns/singleton/Main.java:8: error: cannot find symbol
           singletonExample = SingletonExample.getInstance();
           ^
  symbol:   variable singletonExample
  location: class Main
/home/fundalap-nh57/prograVI/design-patterns/java-example/design-patterns/singleton/Main.java:8: error: cannot find symbol
           singletonExample = SingletonExample.getInstance();
                               ^
  symbol:   variable SingletonExample
  location: class Main
/home/fundalap-nh57/prograVI/design-patterns/java-example/design-patterns/singleton/Main.java:12: error: cannot find symbol
            SingletonExample singletonSecondExample = SingletonExample.getInstance();
            ^
  symbol:   class SingletonExample
  location: class Main
/home/fundalap-nh57/prograVI/design-patterns/java-example/design-patterns/singleton/Main.java:12: error: cannot find symbol
            SingletonExample singletonSecondExample = SingletonExample.getInstance();
                                                      ^
  symbol:   variable SingletonExample
  location: class Main
/home/fundalap-nh57/prograVI/design-patterns/java-example/design-patterns/singleton/Main.java:16: error: cannot find symbol
        System.out.println(singletonSecondExample);
                           ^
  symbol:   variable singletonSecondExample
  location: class Main
/home/fundalap-nh57/prograVI/design-patterns/java-example/design-patterns/singleton/Main.java:7: error: ';' expected
        }
         ^
/home/fundalap-nh57/prograVI/design-patterns/java-example/design-patterns/singleton/Main.java:9: error: cannot find symbol
        SingletonExample singletonSecondExample = SingletonExample.getInstance();
        ^
  symbol:   class SingletonExample
  location: class Main
/home/fundalap-nh57/prograVI/design-patterns/java-example/design-patterns/singleton/Main.java:9: error: cannot find symbol
        SingletonExample singletonSecondExample = SingletonExample.getInstance();
                                                  ^
  symbol:   variable SingletonExample
  location: class Main
/home/fundalap-nh57/prograVI/design-patterns/java-example/design-patterns/singleton/Main.java:10: error: cannot find symbol
        System.out.println(singletonExample);
                           ^
  symbol:   variable singletonExample
  location: class Main
/home/fundalap-nh57/prograVI/design-patterns/java-example/design-patterns/singleton/Main.java:7: error: ';' expected
        }
         ^
/home/fundalap-nh57/prograVI/design-patterns/java-example/design-patterns/singleton/Main.java:9: error: cannot find symbol
        SingletonExample singletonExample = SingletonExample.getInstance();
        ^
  symbol:   class SingletonExample
  location: class Main
/home/fundalap-nh57/prograVI/design-patterns/java-example/design-patterns/singleton/Main.java:9: error: cannot find symbol
        SingletonExample singletonExample = SingletonExample.getInstance();
                                            ^
  symbol:   variable SingletonExample
  location: class Main
/home/fundalap-nh57/prograVI/design-patterns/java-example/design-patterns/singleton/Main.java:10: error: cannot find symbol
        SingletonExample singletonSecondExample = SingletonExample.getInstance();
        ^
  symbol:   class SingletonExample
  location: class Main
/home/fundalap-nh57/prograVI/design-patterns/java-example/design-patterns/singleton/Main.java:10: error: cannot find symbol
        SingletonExample singletonSecondExample = SingletonExample.getInstance();
                                                  ^
  symbol:   variable SingletonExample
  location: class Main
/home/fundalap-nh57/prograVI/design-patterns/java-example/design-patterns/singleton/Main.java:5: error: ';' expected
        Runnable runnable1 = () -> {}
                                     ^
/home/fundalap-nh57/prograVI/design-patterns/java-example/design-patterns/singleton/Main.java:7: error: cannot find symbol
        SingletonExample singletonExample = SingletonExample.getInstance();
        ^
  symbol:   class SingletonExample
  location: class Main
/home/fundalap-nh57/prograVI/design-patterns/java-example/design-patterns/singleton/Main.java:7: error: cannot find symbol
        SingletonExample singletonExample = SingletonExample.getInstance();
                                            ^
  symbol:   variable SingletonExample
  location: class Main
/home/fundalap-nh57/prograVI/design-patterns/java-example/design-patterns/singleton/Main.java:8: error: cannot find symbol
        SingletonExample singletonSecondExample = SingletonExample.getInstance();
        ^
  symbol:   class SingletonExample
  location: class Main
/home/fundalap-nh57/prograVI/design-patterns/java-example/design-patterns/singleton/Main.java:8: error: cannot find symbol
        SingletonExample singletonSecondExample = SingletonExample.getInstance();
                                                  ^
  symbol:   variable SingletonExample
  location: class Main
/home/fundalap-nh57/prograVI/design-patterns/java-example/design-patterns/singleton/Main.java:7: error: ';' expected
        SingletonExample singletonExample = SingletonExample.getInstance();
                        ^
/home/fundalap-nh57/prograVI/design-patterns/java-example/design-patterns/singleton/Main.java:7: error: cannot find symbol
        SingletonExample singletonExample = SingletonExample.getInstance();
        ^
  symbol:   variable SingletonExample
  location: class Main
/home/fundalap-nh57/prograVI/design-patterns/java-example/design-patterns/singleton/Main.java:7: error: cannot find symbol
        SingletonExample singletonExample = SingletonExample.getInstance();
                         ^
  symbol:   variable singletonExample
  location: class Main
/home/fundalap-nh57/prograVI/design-patterns/java-example/design-patterns/singleton/Main.java:7: error: cannot find symbol
        SingletonExample singletonExample = SingletonExample.getInstance();
                                            ^
  symbol:   variable SingletonExample
  location: class Main
/home/fundalap-nh57/prograVI/design-patterns/java-example/design-patterns/singleton/Main.java:8: error: cannot find symbol
        SingletonExample singletonSecondExample = SingletonExample.getInstance();
        ^
  symbol:   class SingletonExample
  location: class Main
/home/fundalap-nh57/prograVI/design-patterns/java-example/design-patterns/singleton/Main.java:8: error: cannot find symbol
        SingletonExample singletonSecondExample = SingletonExample.getInstance();
                                                  ^
  symbol:   variable SingletonExample
  location: class Main
/home/fundalap-nh57/prograVI/design-patterns/java-example/design-patterns/singleton/Main.java:9: error: cannot find symbol
        System.out.println(singletonExample);
                           ^
  symbol:   variable singletonExample
  location: class Main
/home/fundalap-nh57/prograVI/design-patterns/java-example/design-patterns/singleton/Main.java:7: error: ';' expected
        SingletonExample singletonExample = SingletonExample.getInstance();
                        ^
/home/fundalap-nh57/prograVI/design-patterns/java-example/design-patterns/singleton/Main.java:7: error: cannot find symbol
        SingletonExample singletonExample = SingletonExample.getInstance();
        ^
  symbol:   variable SingletonExample
  location: class Main
/home/fundalap-nh57/prograVI/design-patterns/java-example/design-patterns/singleton/Main.java:7: error: cannot find symbol
        SingletonExample singletonExample = SingletonExample.getInstance();
                         ^
  symbol:   variable singletonExample
  location: class Main
/home/fundalap-nh57/prograVI/design-patterns/java-example/design-patterns/singleton/Main.java:7: error: cannot find symbol
        SingletonExample singletonExample = SingletonExample.getInstance();
                                            ^
  symbol:   variable SingletonExample
  location: class Main
/home/fundalap-nh57/prograVI/design-patterns/java-example/design-patterns/singleton/Main.java:8: error: cannot find symbol
        SingletonExample singletonSecondExample = SingletonExample.getInstance();
        ^
  symbol:   class SingletonExample
  location: class Main
/home/fundalap-nh57/prograVI/design-patterns/java-example/design-patterns/singleton/Main.java:8: error: cannot find symbol
        SingletonExample singletonSecondExample = SingletonExample.getInstance();
                                                  ^
  symbol:   variable SingletonExample
  location: class Main
/home/fundalap-nh57/prograVI/design-patterns/java-example/design-patterns/singleton/Main.java:9: error: cannot find symbol
        System.out.println(singletonExample);
                           ^
  symbol:   variable singletonExample
  location: class Main
/home/fundalap-nh57/prograVI/design-patterns/java-example/design-patterns/singleton/Main.java:5: error: -> expected
        Runnable runnable1 = () 
                               ^
/home/fundalap-nh57/prograVI/design-patterns/java-example/design-patterns/singleton/Main.java:7: error: ';' expected
        SingletonExample singletonExample = SingletonExample.getInstance();
                        ^
/home/fundalap-nh57/prograVI/design-patterns/java-example/design-patterns/singleton/Main.java:7: error: cannot find symbol
        SingletonExample singletonExample = SingletonExample.getInstance();
        ^
  symbol:   variable SingletonExample
  location: class Main
/home/fundalap-nh57/prograVI/design-patterns/java-example/design-patterns/singleton/Main.java:7: error: cannot find symbol
        SingletonExample singletonExample = SingletonExample.getInstance();
                         ^
  symbol:   variable singletonExample
  location: class Main
/home/fundalap-nh57/prograVI/design-patterns/java-example/design-patterns/singleton/Main.java:7: error: cannot find symbol
        SingletonExample singletonExample = SingletonExample.getInstance();
                                            ^
  symbol:   variable SingletonExample
  location: class Main
/home/fundalap-nh57/prograVI/design-patterns/java-example/design-patterns/singleton/Main.java:8: error: cannot find symbol
        SingletonExample singletonSecondExample = SingletonExample.getInstance();
        ^
  symbol:   class SingletonExample
  location: class Main
/home/fundalap-nh57/prograVI/design-patterns/java-example/design-patterns/singleton/Main.java:8: error: cannot find symbol
        SingletonExample singletonSecondExample = SingletonExample.getInstance();
                                                  ^
  symbol:   variable SingletonExample
  location: class Main
/home/fundalap-nh57/prograVI/design-patterns/java-example/design-patterns/singleton/Main.java:9: error: cannot find symbol
        System.out.println(singletonExample);
                           ^
  symbol:   variable singletonExample
  location: class Main
/home/fundalap-nh57/prograVI/design-patterns/java-example/design-patterns/singleton/Main.java:5: error: -> expected
        Runnable runnable1 = () > 
                               ^
/home/fundalap-nh57/prograVI/design-patterns/java-example/design-patterns/singleton/Main.java:5: error: illegal start of expression
        Runnable runnable1 = () > 
                                ^
/home/fundalap-nh57/prograVI/design-patterns/java-example/design-patterns/singleton/Main.java:7: error: ';' expected
        SingletonExample singletonExample = SingletonExample.getInstance();
                        ^
/home/fundalap-nh57/prograVI/design-patterns/java-example/design-patterns/singleton/Main.java:7: error: cannot find symbol
        SingletonExample singletonExample = SingletonExample.getInstance();
        ^
  symbol:   variable SingletonExample
  location: class Main
/home/fundalap-nh57/prograVI/design-patterns/java-example/design-patterns/singleton/Main.java:7: error: cannot find symbol
        SingletonExample singletonExample = SingletonExample.getInstance();
                         ^
  symbol:   variable singletonExample
  location: class Main
/home/fundalap-nh57/prograVI/design-patterns/java-example/design-patterns/singleton/Main.java:7: error: cannot find symbol
        SingletonExample singletonExample = SingletonExample.getInstance();
                                            ^
  symbol:   variable SingletonExample
  location: class Main
/home/fundalap-nh57/prograVI/design-patterns/java-example/design-patterns/singleton/Main.java:8: error: cannot find symbol
        SingletonExample singletonSecondExample = SingletonExample.getInstance();
        ^
  symbol:   class SingletonExample
  location: class Main
/home/fundalap-nh57/prograVI/design-patterns/java-example/design-patterns/singleton/Main.java:8: error: cannot find symbol
        SingletonExample singletonSecondExample = SingletonExample.getInstance();
                                                  ^
  symbol:   variable SingletonExample
  location: class Main
/home/fundalap-nh57/prograVI/design-patterns/java-example/design-patterns/singleton/Main.java:9: error: cannot find symbol
        System.out.println(singletonExample);
                           ^
  symbol:   variable singletonExample
  location: class Main
/home/fundalap-nh57/prograVI/design-patterns/java-example/design-patterns/singleton/Main.java:5: error: -> expected
        Runnable runnable1 = () >
                               ^
/home/fundalap-nh57/prograVI/design-patterns/java-example/design-patterns/singleton/Main.java:5: error: illegal start of expression
        Runnable runnable1 = () >
                                ^
/home/fundalap-nh57/prograVI/design-patterns/java-example/design-patterns/singleton/Main.java:7: error: ';' expected
        SingletonExample singletonExample = SingletonExample.getInstance();
                        ^
/home/fundalap-nh57/prograVI/design-patterns/java-example/design-patterns/singleton/Main.java:7: error: cannot find symbol
        SingletonExample singletonExample = SingletonExample.getInstance();
        ^
  symbol:   variable SingletonExample
  location: class Main
/home/fundalap-nh57/prograVI/design-patterns/java-example/design-patterns/singleton/Main.java:7: error: cannot find symbol
        SingletonExample singletonExample = SingletonExample.getInstance();
                         ^
  symbol:   variable singletonExample
  location: class Main
/home/fundalap-nh57/prograVI/design-patterns/java-example/design-patterns/singleton/Main.java:7: error: cannot find symbol
        SingletonExample singletonExample = SingletonExample.getInstance();
                                            ^
  symbol:   variable SingletonExample
  location: class Main
/home/fundalap-nh57/prograVI/design-patterns/java-example/design-patterns/singleton/Main.java:8: error: cannot find symbol
        SingletonExample singletonSecondExample = SingletonExample.getInstance();
        ^
  symbol:   class SingletonExample
  location: class Main
/home/fundalap-nh57/prograVI/design-patterns/java-example/design-patterns/singleton/Main.java:8: error: cannot find symbol
        SingletonExample singletonSecondExample = SingletonExample.getInstance();
                                                  ^
  symbol:   variable SingletonExample
  location: class Main
/home/fundalap-nh57/prograVI/design-patterns/java-example/design-patterns/singleton/Main.java:9: error: cannot find symbol
        System.out.println(singletonExample);
                           ^
  symbol:   variable singletonExample
  location: class Main
/home/fundalap-nh57/prograVI/design-patterns/java-example/design-patterns/singleton/Main.java:7: error: ';' expected
        SingletonExample singletonExample = SingletonExample.getInstance();
                        ^
/home/fundalap-nh57/prograVI/design-patterns/java-example/design-patterns/singleton/Main.java:7: error: cannot find symbol
        SingletonExample singletonExample = SingletonExample.getInstance();
        ^
  symbol:   variable SingletonExample
  location: class Main
/home/fundalap-nh57/prograVI/design-patterns/java-example/design-patterns/singleton/Main.java:7: error: cannot find symbol
        SingletonExample singletonExample = SingletonExample.getInstance();
                         ^
  symbol:   variable singletonExample
  location: class Main
/home/fundalap-nh57/prograVI/design-patterns/java-example/design-patterns/singleton/Main.java:7: error: cannot find symbol
        SingletonExample singletonExample = SingletonExample.getInstance();
                                            ^
  symbol:   variable SingletonExample
  location: class Main
/home/fundalap-nh57/prograVI/design-patterns/java-example/design-patterns/singleton/Main.java:8: error: cannot find symbol
        SingletonExample singletonSecondExample = SingletonExample.getInstance();
        ^
  symbol:   class SingletonExample
  location: class Main
/home/fundalap-nh57/prograVI/design-patterns/java-example/design-patterns/singleton/Main.java:8: error: cannot find symbol
        SingletonExample singletonSecondExample = SingletonExample.getInstance();
                                                  ^
  symbol:   variable SingletonExample
  location: class Main
/home/fundalap-nh57/prograVI/design-patterns/java-example/design-patterns/singleton/Main.java:9: error: cannot find symbol
        System.out.println(singletonExample);
                           ^
  symbol:   variable singletonExample
  location: class Main
/home/fundalap-nh57/prograVI/design-patterns/java-example/design-patterns/singleton/Main.java:7: error: ';' expected
        SingletonExample singletonExample = SingletonExample.getInstance();
                        ^
/home/fundalap-nh57/prograVI/design-patterns/java-example/design-patterns/singleton/Main.java:7: error: cannot find symbol
        SingletonExample singletonExample = SingletonExample.getInstance();
        ^
  symbol:   variable SingletonExample
  location: class Main
/home/fundalap-nh57/prograVI/design-patterns/java-example/design-patterns/singleton/Main.java:7: error: cannot find symbol
        SingletonExample singletonExample = SingletonExample.getInstance();
                         ^
  symbol:   variable singletonExample
  location: class Main
/home/fundalap-nh57/prograVI/design-patterns/java-example/design-patterns/singleton/Main.java:7: error: cannot find symbol
        SingletonExample singletonExample = SingletonExample.getInstance();
                                            ^
  symbol:   variable SingletonExample
  location: class Main
/home/fundalap-nh57/prograVI/design-patterns/java-example/design-patterns/singleton/Main.java:8: error: cannot find symbol
        SingletonExample singletonSecondExample = SingletonExample.getInstance();
        ^
  symbol:   class SingletonExample
  location: class Main
/home/fundalap-nh57/prograVI/design-patterns/java-example/design-patterns/singleton/Main.java:8: error: cannot find symbol
        SingletonExample singletonSecondExample = SingletonExample.getInstance();
                                                  ^
  symbol:   variable SingletonExample
  location: class Main
/home/fundalap-nh57/prograVI/design-patterns/java-example/design-patterns/singleton/Main.java:9: error: cannot find symbol
        System.out.println(singletonExample);
                           ^
  symbol:   variable singletonExample
  location: class Main
/home/fundalap-nh57/prograVI/design-patterns/java-example/design-patterns/singleton/Main.java:5: error: ';' expected
        Runnable runnable1
                          ^
/home/fundalap-nh57/prograVI/design-patterns/java-example/design-patterns/singleton/Main.java:7: error: cannot find symbol
        SingletonExample singletonExample = SingletonExample.getInstance();
        ^
  symbol:   class SingletonExample
  location: class Main
/home/fundalap-nh57/prograVI/design-patterns/java-example/design-patterns/singleton/Main.java:7: error: cannot find symbol
        SingletonExample singletonExample = SingletonExample.getInstance();
                                            ^
  symbol:   variable SingletonExample
  location: class Main
/home/fundalap-nh57/prograVI/design-patterns/java-example/design-patterns/singleton/Main.java:8: error: cannot find symbol
        SingletonExample singletonSecondExample = SingletonExample.getInstance();
        ^
  symbol:   class SingletonExample
  location: class Main
/home/fundalap-nh57/prograVI/design-patterns/java-example/design-patterns/singleton/Main.java:8: error: cannot find symbol
        SingletonExample singletonSecondExample = SingletonExample.getInstance();
                                                  ^
  symbol:   variable SingletonExample
  location: class Main
/home/fundalap-nh57/prograVI/design-patterns/java-example/design-patterns/singleton/Main.java:5: error: ';' expected
        Runnable runnable
                         ^
/home/fundalap-nh57/prograVI/design-patterns/java-example/design-patterns/singleton/Main.java:7: error: cannot find symbol
        SingletonExample singletonExample = SingletonExample.getInstance();
        ^
  symbol:   class SingletonExample
  location: class Main
/home/fundalap-nh57/prograVI/design-patterns/java-example/design-patterns/singleton/Main.java:7: error: cannot find symbol
        SingletonExample singletonExample = SingletonExample.getInstance();
                                            ^
  symbol:   variable SingletonExample
  location: class Main
/home/fundalap-nh57/prograVI/design-patterns/java-example/design-patterns/singleton/Main.java:8: error: cannot find symbol
        SingletonExample singletonSecondExample = SingletonExample.getInstance();
        ^
  symbol:   class SingletonExample
  location: class Main
/home/fundalap-nh57/prograVI/design-patterns/java-example/design-patterns/singleton/Main.java:8: error: cannot find symbol
        SingletonExample singletonSecondExample = SingletonExample.getInstance();
                                                  ^
  symbol:   variable SingletonExample
  location: class Main
/home/fundalap-nh57/prograVI/design-patterns/java-example/design-patterns/singleton/Main.java:5: error: ';' expected
        Runnable runn
                     ^
/home/fundalap-nh57/prograVI/design-patterns/java-example/design-patterns/singleton/Main.java:7: error: cannot find symbol
        SingletonExample singletonExample = SingletonExample.getInstance();
        ^
  symbol:   class SingletonExample
  location: class Main
/home/fundalap-nh57/prograVI/design-patterns/java-example/design-patterns/singleton/Main.java:7: error: cannot find symbol
        SingletonExample singletonExample = SingletonExample.getInstance();
                                            ^
  symbol:   variable SingletonExample
  location: class Main
/home/fundalap-nh57/prograVI/design-patterns/java-example/design-patterns/singleton/Main.java:8: error: cannot find symbol
        SingletonExample singletonSecondExample = SingletonExample.getInstance();
        ^
  symbol:   class SingletonExample
  location: class Main
/home/fundalap-nh57/prograVI/design-patterns/java-example/design-patterns/singleton/Main.java:8: error: cannot find symbol
        SingletonExample singletonSecondExample = SingletonExample.getInstance();
                                                  ^
  symbol:   variable SingletonExample
  location: class Main
/home/fundalap-nh57/prograVI/design-patterns/java-example/design-patterns/singleton/Main.java:7: error: ';' expected
        SingletonExample singletonExample = SingletonExample.getInstance();
                        ^
/home/fundalap-nh57/prograVI/design-patterns/java-example/design-patterns/singleton/Main.java:7: error: cannot find symbol
        SingletonExample singletonExample = SingletonExample.getInstance();
                         ^
  symbol:   variable singletonExample
  location: class Main
/home/fundalap-nh57/prograVI/design-patterns/java-example/design-patterns/singleton/Main.java:7: error: cannot find symbol
        SingletonExample singletonExample = SingletonExample.getInstance();
                                                            ^
  symbol:   method getInstance()
  location: variable SingletonExample of type Runnable
/home/fundalap-nh57/prograVI/design-patterns/java-example/design-patterns/singleton/Main.java:8: error: cannot find symbol
        SingletonExample singletonSecondExample = SingletonExample.getInstance();
        ^
  symbol:   class SingletonExample
  location: class Main
/home/fundalap-nh57/prograVI/design-patterns/java-example/design-patterns/singleton/Main.java:8: error: cannot find symbol
        SingletonExample singletonSecondExample = SingletonExample.getInstance();
                                                                  ^
  symbol:   method getInstance()
  location: variable SingletonExample of type Runnable
/home/fundalap-nh57/prograVI/design-patterns/java-example/design-patterns/singleton/Main.java:9: error: cannot find symbol
        System.out.println(singletonExample);
                           ^
  symbol:   variable singletonExample
  location: class Main
/home/fundalap-nh57/prograVI/design-patterns/java-example/design-patterns/singleton/Main.java:7: error: ';' expected
        SingletonExample singletonExample = SingletonExample.getInstance();
                        ^
/home/fundalap-nh57/prograVI/design-patterns/java-example/design-patterns/singleton/Main.java:5: error: cannot find symbol
        Runnab
        ^
  symbol:   class Runnab
  location: class Main
/home/fundalap-nh57/prograVI/design-patterns/java-example/design-patterns/singleton/Main.java:7: error: cannot find symbol
        SingletonExample singletonExample = SingletonExample.getInstance();
                         ^
  symbol:   variable singletonExample
  location: class Main
/home/fundalap-nh57/prograVI/design-patterns/java-example/design-patterns/singleton/Main.java:8: error: cannot find symbol
        SingletonExample singletonSecondExample = SingletonExample.getInstance();
        ^
  symbol:   class SingletonExample
  location: class Main
/home/fundalap-nh57/prograVI/design-patterns/java-example/design-patterns/singleton/Main.java:9: error: cannot find symbol
        System.out.println(singletonExample);
                           ^
  symbol:   variable singletonExample
  location: class Main
/home/fundalap-nh57/prograVI/design-patterns/java-example/design-patterns/singleton/Main.java:8: error: cannot find symbol
        SingletonExample singletonExample = SingletonExample.getInstance();
        ^
  symbol:   class SingletonExample
  location: class Main
/home/fundalap-nh57/prograVI/design-patterns/java-example/design-patterns/singleton/Main.java:8: error: cannot find symbol
        SingletonExample singletonExample = SingletonExample.getInstance();
                                            ^
  symbol:   variable SingletonExample
  location: class Main
/home/fundalap-nh57/prograVI/design-patterns/java-example/design-patterns/singleton/Main.java:9: error: cannot find symbol
        SingletonExample singletonSecondExample = SingletonExample.getInstance();
        ^
  symbol:   class SingletonExample
  location: class Main
/home/fundalap-nh57/prograVI/design-patterns/java-example/design-patterns/singleton/Main.java:9: error: cannot find symbol
        SingletonExample singletonSecondExample = SingletonExample.getInstance();
                                                  ^
  symbol:   variable SingletonExample
  location: class Main
/home/fundalap-nh57/prograVI/design-patterns/java-example/design-patterns/singleton/Main.java:8: error: cannot find symbol
        SingletonExample singletonExample = SingletonExample.getInstance();
        ^
  symbol:   class SingletonExample
  location: class Main
/home/fundalap-nh57/prograVI/design-patterns/java-example/design-patterns/singleton/Main.java:8: error: cannot find symbol
        SingletonExample singletonExample = SingletonExample.getInstance();
                                            ^
  symbol:   variable SingletonExample
  location: class Main
/home/fundalap-nh57/prograVI/design-patterns/java-example/design-patterns/singleton/Main.java:9: error: cannot find symbol
        SingletonExample singletonSecondExample = SingletonExample.getInstance();
        ^
  symbol:   class SingletonExample
  location: class Main
/home/fundalap-nh57/prograVI/design-patterns/java-example/design-patterns/singleton/Main.java:9: error: cannot find symbol
        SingletonExample singletonSecondExample = SingletonExample.getInstance();
                                                  ^
  symbol:   variable SingletonExample
  location: class Main
/home/fundalap-nh57/prograVI/design-patterns/java-example/design-patterns/singleton/Main.java:8: error: cannot find symbol
        SingletonExample singletonExample = SingletonExample.getInstance();
        ^
  symbol:   class SingletonExample
  location: class Main
/home/fundalap-nh57/prograVI/design-patterns/java-example/design-patterns/singleton/Main.java:8: error: cannot find symbol
        SingletonExample singletonExample = SingletonExample.getInstance();
                                            ^
  symbol:   variable SingletonExample
  location: class Main
/home/fundalap-nh57/prograVI/design-patterns/java-example/design-patterns/singleton/Main.java:11: error: cannot find symbol
        System.out.println(singletonSecondExample);
                           ^
  symbol:   variable singletonSecondExample
  location: class Main
/home/fundalap-nh57/prograVI/design-patterns/java-example/design-patterns/singleton/Main.java:8: error: cannot find symbol
        SingletonExample singletonExample = SingletonExample.getInstance();
        ^
  symbol:   class SingletonExample
  location: class Main
/home/fundalap-nh57/prograVI/design-patterns/java-example/design-patterns/singleton/Main.java:8: error: cannot find symbol
        SingletonExample singletonExample = SingletonExample.getInstance();
                                            ^
  symbol:   variable SingletonExample
  location: class Main
/home/fundalap-nh57/prograVI/design-patterns/java-example/design-patterns/singleton/Main.java:10: error: cannot find symbol
        System.out.println(singletonSecondExample);
                           ^
  symbol:   variable singletonSecondExample
  location: class Main
/home/fundalap-nh57/prograVI/design-patterns/java-example/design-patterns/singleton/Main.java:8: error: cannot find symbol
        SingletonExample singletonExample = SingletonExample.getInstance();
        ^
  symbol:   class SingletonExample
  location: class Main
/home/fundalap-nh57/prograVI/design-patterns/java-example/design-patterns/singleton/Main.java:8: error: cannot find symbol
        SingletonExample singletonExample = SingletonExample.getInstance();
                                            ^
  symbol:   variable SingletonExample
  location: class Main
/home/fundalap-nh57/prograVI/design-patterns/java-example/design-patterns/singleton/Main.java:11: error: cannot find symbol
        SingletonExample singletonSecondExample = SingletonExample.getInstance();
        ^
  symbol:   class SingletonExample
  location: class Main
/home/fundalap-nh57/prograVI/design-patterns/java-example/design-patterns/singleton/Main.java:11: error: cannot find symbol
        SingletonExample singletonSecondExample = SingletonExample.getInstance();
                                                  ^
  symbol:   variable SingletonExample
  location: class Main
/home/fundalap-nh57/prograVI/design-patterns/java-example/design-patterns/singleton/Main.java:6: error: package t does not exist
        t.
         ^
/home/fundalap-nh57/prograVI/design-patterns/java-example/design-patterns/singleton/Main.java:8: error: cannot find symbol
        SingletonExample singletonExample = SingletonExample.getInstance();
                                            ^
  symbol:   variable SingletonExample
  location: class Main
/home/fundalap-nh57/prograVI/design-patterns/java-example/design-patterns/singleton/Main.java:11: error: cannot find symbol
        SingletonExample singletonSecondExample = SingletonExample.getInstance();
        ^
  symbol:   class SingletonExample
  location: class Main
/home/fundalap-nh57/prograVI/design-patterns/java-example/design-patterns/singleton/Main.java:11: error: cannot find symbol
        SingletonExample singletonSecondExample = SingletonExample.getInstance();
                                                  ^
  symbol:   variable SingletonExample
  location: class Main
/home/fundalap-nh57/prograVI/design-patterns/java-example/design-patterns/singleton/Main.java:7: error: cannot find symbol
        SingletonExample singletonExample = SingletonExample.getInstance();
        ^
  symbol:   class SingletonExample
  location: class Main
/home/fundalap-nh57/prograVI/design-patterns/java-example/design-patterns/singleton/Main.java:7: error: cannot find symbol
        SingletonExample singletonExample = SingletonExample.getInstance();
                                            ^
  symbol:   variable SingletonExample
  location: class Main
/home/fundalap-nh57/prograVI/design-patterns/java-example/design-patterns/singleton/Main.java:10: error: cannot find symbol
        SingletonExample singletonSecondExample = SingletonExample.getInstance();
        ^
  symbol:   class SingletonExample
  location: class Main
/home/fundalap-nh57/prograVI/design-patterns/java-example/design-patterns/singleton/Main.java:10: error: cannot find symbol
        SingletonExample singletonSecondExample = SingletonExample.getInstance();
                                                  ^
  symbol:   variable SingletonExample
  location: class Main
/home/fundalap-nh57/prograVI/design-patterns/java-example/design-patterns/singleton/Main.java:8: error: cannot find symbol
        SingletonExample singletonExample = SingletonExample.getInstance();
        ^
  symbol:   class SingletonExample
  location: class Main
/home/fundalap-nh57/prograVI/design-patterns/java-example/design-patterns/singleton/Main.java:8: error: cannot find symbol
        SingletonExample singletonExample = SingletonExample.getInstance();
                                            ^
  symbol:   variable SingletonExample
  location: class Main
/home/fundalap-nh57/prograVI/design-patterns/java-example/design-patterns/singleton/Main.java:11: error: cannot find symbol
        SingletonExample singletonSecondExample = SingletonExample.getInstance();
        ^
  symbol:   class SingletonExample
  location: class Main
/home/fundalap-nh57/prograVI/design-patterns/java-example/design-patterns/singleton/Main.java:11: error: cannot find symbol
        SingletonExample singletonSecondExample = SingletonExample.getInstance();
                                                  ^
  symbol:   variable SingletonExample
  location: class Main
/home/fundalap-nh57/prograVI/design-patterns/java-example/design-patterns/singleton/Main.java:9: error: cannot find symbol
        SingletonExample singletonExample = SingletonExample.getInstance();
        ^
  symbol:   class SingletonExample
  location: class Main
/home/fundalap-nh57/prograVI/design-patterns/java-example/design-patterns/singleton/Main.java:9: error: cannot find symbol
        SingletonExample singletonExample = SingletonExample.getInstance();
                                            ^
  symbol:   variable SingletonExample
  location: class Main
/home/fundalap-nh57/prograVI/design-patterns/java-example/design-patterns/singleton/Main.java:12: error: cannot find symbol
        SingletonExample singletonSecondExample = SingletonExample.getInstance();
        ^
  symbol:   class SingletonExample
  location: class Main
/home/fundalap-nh57/prograVI/design-patterns/java-example/design-patterns/singleton/Main.java:12: error: cannot find symbol
        SingletonExample singletonSecondExample = SingletonExample.getInstance();
                                                  ^
  symbol:   variable SingletonExample
  location: class Main
/home/fundalap-nh57/prograVI/design-patterns/java-example/design-patterns/singleton/Main.java:3: error: package java.util.oncurrent does not exist
import java.util.oncurrent.ForkJoinPool;
                          ^
/home/fundalap-nh57/prograVI/design-patterns/java-example/design-patterns/singleton/Main.java:9: error: cannot find symbol
        SingletonExample singletonExample = SingletonExample.getInstance();
        ^
  symbol:   class SingletonExample
  location: class Main
/home/fundalap-nh57/prograVI/design-patterns/java-example/design-patterns/singleton/Main.java:9: error: cannot find symbol
        SingletonExample singletonExample = SingletonExample.getInstance();
                                            ^
  symbol:   variable SingletonExample
  location: class Main
/home/fundalap-nh57/prograVI/design-patterns/java-example/design-patterns/singleton/Main.java:12: error: cannot find symbol
        SingletonExample singletonSecondExample = SingletonExample.getInstance();
        ^
  symbol:   class SingletonExample
  location: class Main
/home/fundalap-nh57/prograVI/design-patterns/java-example/design-patterns/singleton/Main.java:12: error: cannot find symbol
        SingletonExample singletonSecondExample = SingletonExample.getInstance();
                                                  ^
  symbol:   variable SingletonExample
  location: class Main
/home/fundalap-nh57/prograVI/design-patterns/java-example/design-patterns/singleton/Main.java:9: error: cannot find symbol
        SingletonExample singletonExample = SingletonExample.getInstance();
        ^
  symbol:   class SingletonExample
  location: class Main
/home/fundalap-nh57/prograVI/design-patterns/java-example/design-patterns/singleton/Main.java:9: error: cannot find symbol
        SingletonExample singletonExample = SingletonExample.getInstance();
                                            ^
  symbol:   variable SingletonExample
  location: class Main
/home/fundalap-nh57/prograVI/design-patterns/java-example/design-patterns/singleton/Main.java:12: error: cannot find symbol
        SingletonExample singletonSecondExample = SingletonExample.getInstance();
        ^
  symbol:   class SingletonExample
  location: class Main
/home/fundalap-nh57/prograVI/design-patterns/java-example/design-patterns/singleton/Main.java:12: error: cannot find symbol
        SingletonExample singletonSecondExample = SingletonExample.getInstance();
                                                  ^
  symbol:   variable SingletonExample
  location: class Main
/home/fundalap-nh57/prograVI/design-patterns/java-example/design-patterns/singleton/Main.java:8: error: cannot find symbol
        SingletonExample singletonExample = SingletonExample.getInstance();
        ^
  symbol:   class SingletonExample
  location: class Main
/home/fundalap-nh57/prograVI/design-patterns/java-example/design-patterns/singleton/Main.java:8: error: cannot find symbol
        SingletonExample singletonExample = SingletonExample.getInstance();
                                            ^
  symbol:   variable SingletonExample
  location: class Main
/home/fundalap-nh57/prograVI/design-patterns/java-example/design-patterns/singleton/Main.java:11: error: cannot find symbol
        SingletonExample singletonSecondExample = SingletonExample.getInstance();
        ^
  symbol:   class SingletonExample
  location: class Main
/home/fundalap-nh57/prograVI/design-patterns/java-example/design-patterns/singleton/Main.java:11: error: cannot find symbol
        SingletonExample singletonSecondExample = SingletonExample.getInstance();
                                                  ^
  symbol:   variable SingletonExample
  location: class Main
/home/fundalap-nh57/prograVI/design-patterns/java-example/design-patterns/singleton/Main.java:7: error: cannot find symbol
        SingletonExample singletonExample = SingletonExample.getInstance();
        ^
  symbol:   class SingletonExample
  location: class Main
/home/fundalap-nh57/prograVI/design-patterns/java-example/design-patterns/singleton/Main.java:7: error: cannot find symbol
        SingletonExample singletonExample = SingletonExample.getInstance();
                                            ^
  symbol:   variable SingletonExample
  location: class Main
/home/fundalap-nh57/prograVI/design-patterns/java-example/design-patterns/singleton/Main.java:10: error: cannot find symbol
        SingletonExample singletonSecondExample = SingletonExample.getInstance();
        ^
  symbol:   class SingletonExample
  location: class Main
/home/fundalap-nh57/prograVI/design-patterns/java-example/design-patterns/singleton/Main.java:10: error: cannot find symbol
        SingletonExample singletonSecondExample = SingletonExample.getInstance();
                                                  ^
  symbol:   variable SingletonExample
  location: class Main
/home/fundalap-nh57/prograVI/design-patterns/java-example/design-patterns/singleton/Main.java:7: error: cannot find symbol
        SingletonExample singletonExample = SingletonExample.getInstance();
        ^
  symbol:   class SingletonExample
  location: class Main
/home/fundalap-nh57/prograVI/design-patterns/java-example/design-patterns/singleton/Main.java:7: error: cannot find symbol
        SingletonExample singletonExample = SingletonExample.getInstance();
                                            ^
  symbol:   variable SingletonExample
  location: class Main
/home/fundalap-nh57/prograVI/design-patterns/java-example/design-patterns/singleton/Main.java:10: error: cannot find symbol
        SingletonExample singletonSecondExample = SingletonExample.getInstance();
        ^
  symbol:   class SingletonExample
  location: class Main
/home/fundalap-nh57/prograVI/design-patterns/java-example/design-patterns/singleton/Main.java:10: error: cannot find symbol
        SingletonExample singletonSecondExample = SingletonExample.getInstance();
                                                  ^
  symbol:   variable SingletonExample
  location: class Main
/home/fundalap-nh57/prograVI/design-patterns/java-example/design-patterns/singleton/Main.java:6: error: cannot find symbol
        SingletonExample singletonExample = SingletonExample.getInstance();
        ^
  symbol:   class SingletonExample
  location: class Main
/home/fundalap-nh57/prograVI/design-patterns/java-example/design-patterns/singleton/Main.java:6: error: cannot find symbol
        SingletonExample singletonExample = SingletonExample.getInstance();
                                            ^
  symbol:   variable SingletonExample
  location: class Main
/home/fundalap-nh57/prograVI/design-patterns/java-example/design-patterns/singleton/Main.java:9: error: cannot find symbol
        SingletonExample singletonSecondExample = SingletonExample.getInstance();
        ^
  symbol:   class SingletonExample
  location: class Main
/home/fundalap-nh57/prograVI/design-patterns/java-example/design-patterns/singleton/Main.java:9: error: cannot find symbol
        SingletonExample singletonSecondExample = SingletonExample.getInstance();
                                                  ^
  symbol:   variable SingletonExample
  location: class Main
/home/fundalap-nh57/prograVI/design-patterns/java-example/design-patterns/singleton/Main.java:5: error: cannot find symbol
        SingletonExample singletonExample = SingletonExample.getInstance();
        ^
  symbol:   class SingletonExample
  location: class Main
/home/fundalap-nh57/prograVI/design-patterns/java-example/design-patterns/singleton/Main.java:5: error: cannot find symbol
        SingletonExample singletonExample = SingletonExample.getInstance();
                                            ^
  symbol:   variable SingletonExample
  location: class Main
/home/fundalap-nh57/prograVI/design-patterns/java-example/design-patterns/singleton/Main.java:8: error: cannot find symbol
        SingletonExample singletonSecondExample = SingletonExample.getInstance();
        ^
  symbol:   class SingletonExample
  location: class Main
/home/fundalap-nh57/prograVI/design-patterns/java-example/design-patterns/singleton/Main.java:8: error: cannot find symbol
        SingletonExample singletonSecondExample = SingletonExample.getInstance();
                                                  ^
  symbol:   variable SingletonExample
  location: class Main
2023.08.28 09:49:29 WARN  no build target for: /home/fundalap-nh57/prograVI/design-patterns/java-example/design-patterns/singleton/Main.java
2023.08.28 12:20:04 INFO  Shutting down server
2023.08.28 12:20:04 INFO  shutting down Metals
2023.08.28 12:20:04 INFO  Exiting server
2023.08.31 15:56:40 INFO  Started: Metals version 1.0.1 in folders '/home/fundalap-nh57/prograVI/design-patterns' for client Visual Studio Code 1.75.0.
Aug 31, 2023 3:56:41 PM org.flywaydb.core.internal.license.VersionPrinter printVersionOnly
INFO: Flyway Community Edition 9.21.2 by Redgate
Aug 31, 2023 3:56:41 PM org.flywaydb.core.internal.license.VersionPrinter printVersion
INFO: See release notes here: https://rd.gt/416ObMi
Aug 31, 2023 3:56:41 PM org.flywaydb.core.internal.license.VersionPrinter printVersion
INFO: 
Aug 31, 2023 3:56:42 PM org.flywaydb.core.FlywayExecutor execute
INFO: Database: jdbc:h2:file:/home/fundalap-nh57/prograVI/design-patterns/.metals/metals (H2 2.1)
Aug 31, 2023 3:56:42 PM org.flywaydb.core.internal.command.DbValidate validate
INFO: Successfully validated 4 migrations (execution time 00:00.046s)
Aug 31, 2023 3:56:42 PM org.flywaydb.core.internal.command.DbMigrate migrateGroup
INFO: Current version of schema "PUBLIC": 4
Aug 31, 2023 3:56:42 PM org.flywaydb.core.internal.command.DbMigrate logSummary
INFO: Schema "PUBLIC" is up to date. No migration necessary.
2023.08.31 15:56:42 INFO  time: initialize in 1.62s
2023.08.31 15:56:45 WARN  Build server is not auto-connectable.
2023.08.31 15:56:45 WARN  no build tool detected in workspace '/home/fundalap-nh57/prograVI/design-patterns'. The most common cause for this problem is that the editor was opened in the wrong working directory, for example if you use sbt then the workspace directory should contain build.sbt. 
2023.08.31 15:56:45 WARN  no build target for: /home/fundalap-nh57/prograVI/design-patterns/java-example/factory/Main.java
2023.08.31 15:56:47 INFO  time: code lens generation in 1.9s
2023.08.31 15:56:52 INFO  no build target found for /home/fundalap-nh57/prograVI/design-patterns/java-example/factory/Main.java. Using presentation compiler with project's scala-library version: 3.3.0
Aug 31, 2023 3:56:52 PM org.eclipse.lsp4j.jsonrpc.RemoteEndpoint handleCancellation
WARNING: Unmatched cancel notification for request id 3
Aug 31, 2023 3:56:52 PM org.eclipse.lsp4j.jsonrpc.RemoteEndpoint handleCancellation
WARNING: Unmatched cancel notification for request id 1
Aug 31, 2023 3:56:52 PM org.eclipse.lsp4j.jsonrpc.RemoteEndpoint handleCancellation
WARNING: Unmatched cancel notification for request id 4
Aug 31, 2023 3:56:52 PM org.eclipse.lsp4j.jsonrpc.RemoteEndpoint handleCancellation
WARNING: Unmatched cancel notification for request id 2
2023.08.31 15:56:52 WARN  no build target for: /home/fundalap-nh57/prograVI/design-patterns/java-example/factory/Task.java
Aug 31, 2023 3:56:52 PM org.eclipse.lsp4j.jsonrpc.RemoteEndpoint handleCancellation
WARNING: Unmatched cancel notification for request id 13
2023.08.31 15:56:52 WARN  no build target for: /home/fundalap-nh57/prograVI/design-patterns/java-example/factory/CalendarTask.java
Aug 31, 2023 3:56:52 PM org.eclipse.lsp4j.jsonrpc.RemoteEndpoint handleCancellation
WARNING: Unmatched cancel notification for request id 14
2023.08.31 15:56:52 WARN  no build target for: /home/fundalap-nh57/prograVI/design-patterns/java-example/factory/Main.java
Aug 31, 2023 3:56:52 PM org.eclipse.lsp4j.jsonrpc.RemoteEndpoint handleCancellation
WARNING: Unmatched cancel notification for request id 19
Aug 31, 2023 3:56:52 PM org.eclipse.lsp4j.jsonrpc.RemoteEndpoint handleCancellation
WARNING: Unmatched cancel notification for request id 23
Aug 31, 2023 3:56:52 PM org.eclipse.lsp4j.jsonrpc.RemoteEndpoint handleCancellation
WARNING: Unmatched cancel notification for request id 24
2023.08.31 15:56:52 WARN  no build target for: /home/fundalap-nh57/prograVI/design-patterns/java-example/factory/TaskFactory.java
Aug 31, 2023 3:56:52 PM org.eclipse.lsp4j.jsonrpc.RemoteEndpoint handleCancellation
WARNING: Unmatched cancel notification for request id 27
2023.08.31 15:56:53 WARN  no build target for: /home/fundalap-nh57/prograVI/design-patterns/java-example/factory/TaskType.java
Aug 31, 2023 3:56:53 PM org.eclipse.lsp4j.jsonrpc.RemoteEndpoint handleCancellation
WARNING: Unmatched cancel notification for request id 37
Aug 31, 2023 3:56:53 PM org.eclipse.lsp4j.jsonrpc.RemoteEndpoint handleCancellation
WARNING: Unmatched cancel notification for request id 41
2023.08.31 15:56:53 WARN  no build target for: /home/fundalap-nh57/prograVI/design-patterns/java-example/factory/SpotifyTask.java
Aug 31, 2023 3:56:53 PM org.eclipse.lsp4j.jsonrpc.RemoteEndpoint handleCancellation
WARNING: Unmatched cancel notification for request id 43
Aug 31, 2023 3:56:53 PM org.eclipse.lsp4j.jsonrpc.RemoteEndpoint handleCancellation
WARNING: Unmatched cancel notification for request id 47
2023.08.31 15:56:54 INFO  time: code lens generation in 1.05s
2023.08.31 15:56:54 INFO  time: code lens generation in 1.23s
2023.08.31 15:56:54 INFO  time: code lens generation in 1.41s
2023.08.31 15:56:54 INFO  time: code lens generation in 1.36s
2023.08.31 15:56:54 INFO  time: code lens generation in 1.14s
2023.08.31 15:56:54 INFO  time: code lens generation in 1.62s
2023.08.31 15:56:54 INFO  time: code lens generation in 1.68s
2023.08.31 15:56:54 INFO  time: code lens generation in 1.07s
2023.08.31 15:56:54 INFO  time: code lens generation in 1.04s
2023.08.31 15:56:54 INFO  time: code lens generation in 1.68s
Aug 31, 2023 3:56:54 PM scala.meta.internal.pc.CompilerAccess handleError
SEVERE: A severe compiler error occurred, full details of the error can be found in the error report /home/fundalap-nh57/prograVI/design-patterns/.metals/.reports/metals-full/2023-08-31/r_compiler-error_15-56-54-936
Aug 31, 2023 3:56:55 PM scala.meta.internal.pc.CompilerAccess handleError
SEVERE: A severe compiler error occurred, full details of the error can be found in the error report /home/fundalap-nh57/prograVI/design-patterns/.metals/.reports/metals-full/2023-08-31/r_compiler-error_15-56-55-116
Aug 31, 2023 3:56:57 PM scala.meta.internal.pc.CompilerAccess handleError
SEVERE: A severe compiler error occurred, full details of the error can be found in the error report /home/fundalap-nh57/prograVI/design-patterns/.metals/.reports/metals-full/2023-08-31/r_compiler-error_15-56-57-267
2023.08.31 15:57:04 WARN  no build target for: /home/fundalap-nh57/prograVI/design-patterns/java-example/singleton/Main.java
Aug 31, 2023 3:57:04 PM scala.meta.internal.pc.CompilerAccess handleError
SEVERE: A severe compiler error occurred, full details of the error can be found in the error report /home/fundalap-nh57/prograVI/design-patterns/.metals/.reports/metals-full/2023-08-31/r_compiler-error_15-57-04-219
Aug 31, 2023 3:57:04 PM scala.meta.internal.pc.CompilerAccess handleError
SEVERE: A severe compiler error occurred, full details of the error can be found in the error report /home/fundalap-nh57/prograVI/design-patterns/.metals/.reports/metals-full/2023-08-31/r_compiler-error_15-57-04-706
Aug 31, 2023 3:57:04 PM scala.meta.internal.pc.CompilerAccess handleError
SEVERE: A severe compiler error occurred, full details of the error can be found in the error report /home/fundalap-nh57/prograVI/design-patterns/.metals/.reports/metals-full/2023-08-31/r_compiler-error_15-57-04-834
